OpenJDK 64-Bit Server VM warning: Option UseConcMarkSweepGC was deprecated in version 9.0 and will likely be removed in a future release.
2020-04-13 04:53:19,658 [   5189]   WARN - com.intellij.ide.ui.LafManager - List.rowHeight = 0 in Darcula; it may lead to performance degradation 
2020-04-13 04:53:19,658 [   5189]   WARN - com.intellij.ide.ui.LafManager - Table.rowHeight = 0 in Darcula; it may lead to performance degradation 
2020-04-13 04:53:19,658 [   5189]   WARN - com.intellij.ide.ui.LafManager - Tree.rowHeight = 0 in Darcula; it may lead to performance degradation 
2020-04-13 04:53:22,226 [   7757]   WARN - llij.ide.plugins.PluginManager - Plugin "Pydantic" is incompatible (since build 201.6668 > IC-193.6911.18) 
2020-04-13 04:53:22,227 [   7758]   WARN - llij.ide.plugins.PluginManager - Plugin "GRAS Syntax" is incompatible (since build 201.6668 > IC-193.6911.18) 
2020-04-13 04:53:22,228 [   7759]   WARN - llij.ide.plugins.PluginManager - Plugin "GitToolBox" is incompatible (since build 201.5985 > IC-193.6911.18) 
2020-04-13 04:53:22,228 [   7759]   WARN - llij.ide.plugins.PluginManager - Plugin "GitPrefix" is incompatible (since build 201.0 > IC-193.6911.18) 
2020-04-13 04:53:22,229 [   7760]   WARN - llij.ide.plugins.PluginManager - Plugin "CVS" is incompatible (since build 201.6668 > IC-193.6911.18) 
2020-04-13 04:53:22,229 [   7760]   WARN - llij.ide.plugins.PluginManager - Plugin "Gitee" is incompatible (since build 201.4515 > IC-193.6911.18) 
2020-04-13 04:53:22,229 [   7760]   WARN - llij.ide.plugins.PluginManager - Plugin "Subversion" is incompatible (since build 201.6668 > IC-193.6911.18) 
2020-04-13 04:53:22,229 [   7760]   WARN - llij.ide.plugins.PluginManager - Plugin "Mercurial" is incompatible (since build 201.6668 > IC-193.6911.18) 
2020-04-13 04:53:22,230 [   7761]   WARN - llij.ide.plugins.PluginManager - Plugin "ChangeReminder" is incompatible (since build 201.6668 > IC-193.6911.18) 
2020-04-13 04:53:22,230 [   7761]   WARN - llij.ide.plugins.PluginManager - Plugin "Git" is incompatible (since build 201.6668 > IC-193.6911.18) 
2020-04-13 04:53:22,230 [   7761]   WARN - llij.ide.plugins.PluginManager - Plugin ".ignore" is incompatible (since build 201.0 > IC-193.6911.18) 
2020-04-13 04:53:22,230 [   7761]   WARN - llij.ide.plugins.PluginManager - Plugin "GitHub" is incompatible (since build 201.6668 > IC-193.6911.18) 
2020-04-13 04:53:22,231 [   7762]   WARN - llij.ide.plugins.PluginManager - Plugin "PowerMouse" is incompatible (since build 201.5985 > IC-193.6911.18) 
2020-04-13 04:53:22,231 [   7762]   WARN - llij.ide.plugins.PluginManager - Plugin "Material Theme UI" is incompatible (since build 201.5259 > IC-193.6911.18) 
2020-04-13 04:53:22,232 [   7763]   WARN - llij.ide.plugins.PluginManager - Plugin "Atom Material Icons" is incompatible (since build 201.0 > IC-193.6911.18) 
2020-04-13 04:53:22,232 [   7763]   WARN - llij.ide.plugins.PluginManager - Plugin "Rainbow Brackets" is incompatible (since build 201.6668 > IC-193.6911.18) 
2020-04-13 04:53:22,233 [   7764]   WARN - llij.ide.plugins.PluginManager - Plugin "Image Icon Viewer" is incompatible (since build 201.0 > IC-193.6911.18) 
2020-04-13 04:53:22,233 [   7764]   WARN - llij.ide.plugins.PluginManager - Plugin "Automatic Power Saver" is incompatible (since build 201.6668 > IC-193.6911.18) 
2020-04-13 04:53:22,233 [   7764]   WARN - llij.ide.plugins.PluginManager - Plugin "SSV Normandy Progress Bar" is incompatible (since build 201.0 > IC-193.6911.18) 
2020-04-13 04:53:22,234 [   7765]   WARN - llij.ide.plugins.PluginManager - Plugin "Material Theme UI Lite" is incompatible (since build 201.0 > IC-193.6911.18) 
2020-04-13 04:53:22,234 [   7765]   WARN - llij.ide.plugins.PluginManager - Plugin "Clean Sheet Theme" is incompatible (since build 201.0 > IC-193.6911.18) 
2020-04-13 04:53:22,234 [   7765]   WARN - llij.ide.plugins.PluginManager - Plugin "Battery Status" is incompatible (since build 201.0 > IC-193.6911.18) 
2020-04-13 04:53:22,235 [   7766]   WARN - llij.ide.plugins.PluginManager - Plugin "External LAF switch" is incompatible (since build 201.6668 > IC-193.6911.18) 
2020-04-13 04:53:22,236 [   7767]   WARN - llij.ide.plugins.PluginManager - Plugin "Auto Dark Mode Windows" is incompatible (since build 201.6668 > IC-193.6911.18) 
2020-04-13 04:53:22,236 [   7767]   WARN - llij.ide.plugins.PluginManager - Plugin "Builder Generator" is incompatible (since build 201.6668.121 > IC-193.6911.18) 
2020-04-13 04:53:22,260 [   7791]   WARN - llij.ide.plugins.PluginManager - Plugin "IDE Features Trainer" is incompatible (since build 201.6668 > IC-193.6911.18) 
2020-04-13 04:53:22,261 [   7792]   WARN - llij.ide.plugins.PluginManager - Plugin "EduTools" is incompatible (since build 201.6073 > IC-193.6911.18) 
2020-04-13 04:53:22,262 [   7793]   WARN - llij.ide.plugins.PluginManager - Plugin "Code Generator" is incompatible (since build 201.0 > IC-193.6911.18) 
2020-04-13 04:53:22,262 [   7793]   WARN - llij.ide.plugins.PluginManager - Plugin "JavaDoc Clean Read" is incompatible (since build 201.0 > IC-193.6911.18) 
2020-04-13 04:53:22,263 [   7794]   WARN - llij.ide.plugins.PluginManager - Plugin "AutoCode for Java" is incompatible (since build 201.6668 > IC-193.6911.18) 
2020-04-13 04:53:22,263 [   7794]   WARN - llij.ide.plugins.PluginManager - Plugin "Task Management" is incompatible (since build 201.6668 > IC-193.6911.18) 
2020-04-13 04:53:22,264 [   7795]   WARN - llij.ide.plugins.PluginManager - Plugin "Source++" is incompatible (since build 201.0 > IC-193.6911.18) 
2020-04-13 04:53:22,270 [   7801]   WARN - llij.ide.plugins.PluginManager - Plugin "SAP Commerce Developers Toolset" is incompatible (since build 201.6668 > IC-193.6911.18) 
2020-04-13 04:53:22,271 [   7802]   WARN - llij.ide.plugins.PluginManager - Plugin "GrapheneHelper" is incompatible (since build 201.6668 > IC-193.6911.18) 
2020-04-13 04:53:22,272 [   7803]   WARN - llij.ide.plugins.PluginManager - Plugin "Python Security" is incompatible (since build 201.5985.SNAPSHOT > IC-193.6911.18) 
2020-04-13 04:53:22,273 [   7804]   WARN - llij.ide.plugins.PluginManager - Plugin "Lombok" is incompatible (since build 201.5985 > IC-193.6911.18) 
2020-04-13 04:53:22,274 [   7805]   WARN - llij.ide.plugins.PluginManager - Plugin "VisualVM Launcher" is incompatible (since build 201.0 > IC-193.6911.18) 
2020-04-13 04:53:22,274 [   7805]   WARN - llij.ide.plugins.PluginManager - Plugin "Cucumber for Java" is incompatible (since build 201.6668 > IC-193.6911.18) 
2020-04-13 04:53:22,274 [   7805]   WARN - llij.ide.plugins.PluginManager - Plugin "Cucumber for Groovy" is incompatible (since build 201.6668 > IC-193.6911.18) 
2020-04-13 04:53:22,275 [   7806]   WARN - llij.ide.plugins.PluginManager - Plugin "Docker" is incompatible (since build 201.6668 > IC-193.6911.18) 
2020-04-13 04:53:22,275 [   7806]   WARN - llij.ide.plugins.PluginManager - Plugin "Gherkin" is incompatible (since build 201.6668 > IC-193.6911.18) 
2020-04-13 04:53:22,276 [   7807]   WARN - llij.ide.plugins.PluginManager - Plugin "Manifold" is incompatible (since build 201.0 > IC-193.6911.18) 
2020-04-13 04:53:22,277 [   7808]   WARN - llij.ide.plugins.PluginManager - Plugin "Terminal" is incompatible (since build 201.6668 > IC-193.6911.18) 
2020-04-13 04:53:22,277 [   7808]   WARN - llij.ide.plugins.PluginManager - Plugin "Space" is incompatible (since build 201.0 > IC-193.6911.18) 
2020-04-13 04:53:22,278 [   7809]   WARN - llij.ide.plugins.PluginManager - Plugin "Interface for 7pace Timetracker" is incompatible (since build 201.6668 > IC-193.6911.18) 
2020-04-13 04:53:22,278 [   7809]   WARN - llij.ide.plugins.PluginManager - Plugin "Preprocessor Support" is incompatible (since build 201.6487 > IC-193.6911.18) 
2020-04-13 04:53:22,279 [   7810]   WARN - llij.ide.plugins.PluginManager - Plugin "TextMate bundles" is incompatible (since build 201.6668 > IC-193.6911.18) 
2020-04-13 04:53:22,280 [   7811]   WARN - llij.ide.plugins.PluginManager - Plugin "HasteIt" is incompatible (since build 201.0 > IC-193.6911.18) 
2020-04-13 04:53:22,281 [   7812]   WARN - llij.ide.plugins.PluginManager - Plugin "SCSS Breadcrumbs" is incompatible (since build 201.0 > IC-193.6911.18) 
2020-04-13 04:53:22,282 [   7813]   WARN - llij.ide.plugins.PluginManager - Plugin "DiscordBeam" is incompatible (since build 201.0 > IC-193.6911.18) 
2020-04-13 04:53:22,282 [   7813]   WARN - llij.ide.plugins.PluginManager - Plugin "Minecraft NBT Support" is incompatible (since build 201.4515 > IC-193.6911.18) 
2020-04-13 04:53:22,283 [   7814]   WARN - llij.ide.plugins.PluginManager - Plugin "QA Lithium" is incompatible (since build 201.0 > IC-193.6911.18) 
2020-04-13 04:53:22,283 [   7814]   WARN - llij.ide.plugins.PluginManager - Plugin "Color Highlighter" is incompatible (since build 201.3803 > IC-193.6911.18) 
2020-04-13 04:53:22,283 [   7814]   WARN - llij.ide.plugins.PluginManager - Plugin "JavaDoc HTML Cleaner" is incompatible (since build 201.5985 > IC-193.6911.18) 
2020-04-13 04:53:22,283 [   7814]   WARN - llij.ide.plugins.PluginManager - Plugin "Customize word separators" is incompatible (since build 201.6073 > IC-193.6911.18) 
2020-04-13 04:53:22,284 [   7815]   WARN - llij.ide.plugins.PluginManager - Plugin "PsiViewer" is incompatible (since build 201.6251 > IC-193.6911.18) 
2020-04-13 04:53:22,285 [   7816]   WARN - llij.ide.plugins.PluginManager - Plugin "Indices viewer" is incompatible (since build 201.2644 > IC-193.6911.18) 
2020-04-13 04:53:22,285 [   7816]   WARN - llij.ide.plugins.PluginManager - Plugin "kotlin-i18n-write-action" is incompatible (since build 201.4515 > IC-193.6911.18) 
2020-04-13 04:53:22,285 [   7816]   WARN - llij.ide.plugins.PluginManager - Plugin "IDETalk" is incompatible (since build 201.6668 > IC-193.6911.18) 
2020-04-13 04:53:22,286 [   7817]   WARN - llij.ide.plugins.PluginManager - Plugin "Settings Repository" is incompatible (since build 201.6668 > IC-193.6911.18) 
2020-04-13 04:53:22,286 [   7817]   WARN - llij.ide.plugins.PluginManager - Plugin "XSLT Debugger" is incompatible (since build 201.6668 > IC-193.6911.18) 
2020-04-13 04:53:22,286 [   7817]   WARN - llij.ide.plugins.PluginManager - Plugin "XPathView + XSLT" is incompatible (since build 201.6668 > IC-193.6911.18) 
2020-04-13 04:53:22,287 [   7818]   WARN - llij.ide.plugins.PluginManager - Plugin "SequenceDiagram" is incompatible (since build 201.0 > IC-193.6911.18) 
2020-04-13 04:53:22,288 [   7819]   WARN - llij.ide.plugins.PluginManager - Plugin "OSGi" is incompatible (since build 201.6668 > IC-193.6911.18) 
2020-04-13 04:53:22,288 [   7819]   WARN - llij.ide.plugins.PluginManager - Plugin "PhoneGap/Cordova" is incompatible (since build 201.6668 > IC-193.6911.18) 
2020-04-13 04:53:22,289 [   7820]   WARN - llij.ide.plugins.PluginManager - Plugin "Azure Toolkit for IntelliJ" is incompatible (since build 201.6251.22 > IC-193.6911.18) 
2020-04-13 04:53:22,289 [   7820]   WARN - llij.ide.plugins.PluginManager - Plugin "Minecraft Development" is incompatible (since build 201.6668 > IC-193.6911.18) 
2020-04-13 04:53:22,289 [   7820]   WARN - llij.ide.plugins.PluginManager - Plugin "FRC" is incompatible (since build 201.5985 > IC-193.6911.18) 
2020-04-13 04:53:22,290 [   7821]   WARN - llij.ide.plugins.PluginManager - Plugin "Play Routes" is incompatible (since build 201.6668 > IC-193.6911.18) 
2020-04-13 04:53:22,290 [   7821]   WARN - llij.ide.plugins.PluginManager - Plugin "Zato hot-deployment" is incompatible (since build 201.0 > IC-193.6911.18) 
2020-04-13 04:53:22,291 [   7822]   WARN - llij.ide.plugins.PluginManager - Plugin "PyCharm Odoo" is incompatible (since build 201.6668 > IC-193.6911.18) 
2020-04-13 04:53:22,291 [   7822]   WARN - llij.ide.plugins.PluginManager - Plugin "Elastic Actors" is incompatible (since build 201.0 > IC-193.6911.18) 
2020-04-13 04:53:22,291 [   7822]   WARN - llij.ide.plugins.PluginManager - Plugin "Spot Profiler for Java" is incompatible (since build 201.4116 > IC-193.6911.18) 
2020-04-13 04:53:22,292 [   7823]   WARN - llij.ide.plugins.PluginManager - Plugin "Scala" is incompatible (since build 201.2837 > IC-193.6911.18) 
2020-04-13 04:53:22,292 [   7823]   WARN - llij.ide.plugins.PluginManager - Plugin "Dart" is incompatible (since build 201.6668 > IC-193.6911.18) 
2020-04-13 04:53:22,292 [   7823]   WARN - llij.ide.plugins.PluginManager - Plugin "R Language for IntelliJ" is incompatible (since build 201.5985 > IC-193.6911.18) 
2020-04-13 04:53:22,292 [   7823]   WARN - llij.ide.plugins.PluginManager - Plugin "Apache config (.htaccess)" is incompatible (since build 201.6668 > IC-193.6911.18) 
2020-04-13 04:53:22,292 [   7823]   WARN - llij.ide.plugins.PluginManager - Plugin "Handlebars/Mustache" is incompatible (since build 201.6668 > IC-193.6911.18) 
2020-04-13 04:53:22,293 [   7824]   WARN - llij.ide.plugins.PluginManager - Plugin "Kotlin" is incompatible (since build 201.6487 > IC-193.6911.18) 
2020-04-13 04:53:22,293 [   7824]   WARN - llij.ide.plugins.PluginManager - Plugin "Ini" is incompatible (since build 201.6668 > IC-193.6911.18) 
2020-04-13 04:53:22,293 [   7824]   WARN - llij.ide.plugins.PluginManager - Plugin "Erlang" is incompatible (since build 201.6668 > IC-193.6911.18) 
2020-04-13 04:53:22,293 [   7824]   WARN - llij.ide.plugins.PluginManager - Plugin "GNU GetText files support (*.po)" is incompatible (since build 201.6668 > IC-193.6911.18) 
2020-04-13 04:53:22,293 [   7824]   WARN - llij.ide.plugins.PluginManager - Plugin "ReStructuredText" is incompatible (since build 201.6668 > IC-193.6911.18) 
2020-04-13 04:53:22,294 [   7825]   WARN - llij.ide.plugins.PluginManager - Plugin "Puppet" is incompatible (since build 201.6668 > IC-193.6911.18) 
2020-04-13 04:53:22,294 [   7825]   WARN - llij.ide.plugins.PluginManager - Plugin "Python Community Edition" is incompatible (since build 201.6668 > IC-193.6911.18) 
2020-04-13 04:53:22,294 [   7825]   WARN - llij.ide.plugins.PluginManager - Plugin "Thrift Support" is incompatible (since build 201.6251 > IC-193.6911.18) 
2020-04-13 04:53:22,294 [   7825]   WARN - llij.ide.plugins.PluginManager - Plugin "AWS CloudFormation" is incompatible (since build 201.6668 > IC-193.6911.18) 
2020-04-13 04:53:22,295 [   7826]   WARN - llij.ide.plugins.PluginManager - Plugin "Markdown" is incompatible (since build 201.6668 > IC-193.6911.18) 
2020-04-13 04:53:22,295 [   7826]   WARN - llij.ide.plugins.PluginManager - Plugin "Perl" is incompatible (since build 201.6668 > IC-193.6911.18) 
2020-04-13 04:53:22,295 [   7826]   WARN - llij.ide.plugins.PluginManager - Plugin "Cursive" is incompatible (since build 201.0 > IC-193.6911.18) 
2020-04-13 04:53:22,295 [   7826]   WARN - llij.ide.plugins.PluginManager - Plugin "Rust" is incompatible (since build 201.6487 > IC-193.6911.18) 
2020-04-13 04:53:22,296 [   7827]   WARN - llij.ide.plugins.PluginManager - Plugin "xquery-intellij-plugin" is incompatible (since build 201.0 > IC-193.6911.18) 
2020-04-13 04:53:22,296 [   7827]   WARN - llij.ide.plugins.PluginManager - Plugin "Flutter" is incompatible (since build 201.6668.13 > IC-193.6911.18) 
2020-04-13 04:53:22,296 [   7827]   WARN - llij.ide.plugins.PluginManager - Plugin "MQL Idea" is incompatible (since build 201.0 > IC-193.6911.18) 
2020-04-13 04:53:22,296 [   7827]   WARN - llij.ide.plugins.PluginManager - Plugin "ReasonML" is incompatible (since build 201.0 > IC-193.6911.18) 
2020-04-13 04:53:22,297 [   7828]   WARN - llij.ide.plugins.PluginManager - Plugin "TeXiFy IDEA" is incompatible (since build 201.3119 > IC-193.6911.18) 
2020-04-13 04:53:22,301 [   7832]   WARN - llij.ide.plugins.PluginManager - Plugin "Fortran" is incompatible (since build 201.5616.31 > IC-193.6911.18) 
2020-04-13 04:53:22,301 [   7832]   WARN - llij.ide.plugins.PluginManager - Plugin "Coco/R" is incompatible (since build 201.4865 > IC-193.6911.18) 
2020-04-13 04:53:22,301 [   7832]   WARN - llij.ide.plugins.PluginManager - Plugin "HOCON" is incompatible (since build 201.0 > IC-193.6911.18) 
2020-04-13 04:53:22,302 [   7833]   WARN - llij.ide.plugins.PluginManager - Plugin "Go Template" is incompatible (since build 201.6668 > IC-193.6911.18) 
2020-04-13 04:53:22,302 [   7833]   WARN - llij.ide.plugins.PluginManager - Plugin "Requirements" is incompatible (since build 201.0 > IC-193.6911.18) 
2020-04-13 04:53:22,302 [   7833]   WARN - llij.ide.plugins.PluginManager - Plugin "Triplequote Hydra" is incompatible (since build 201.2837 > IC-193.6911.18) 
2020-04-13 04:53:22,302 [   7833]   WARN - llij.ide.plugins.PluginManager - Plugin "Template Toolkit Support" is incompatible (since build 201.6668 > IC-193.6911.18) 
2020-04-13 04:53:22,303 [   7834]   WARN - llij.ide.plugins.PluginManager - Plugin "Mojolicious Support" is incompatible (since build 201.6668 > IC-193.6911.18) 
2020-04-13 04:53:22,303 [   7834]   WARN - llij.ide.plugins.PluginManager - Plugin "Mason Framework" is incompatible (since build 201.6668 > IC-193.6911.18) 
2020-04-13 04:53:22,303 [   7834]   WARN - llij.ide.plugins.PluginManager - Plugin "Mason2 Support" is incompatible (since build 201.6668 > IC-193.6911.18) 
2020-04-13 04:53:22,303 [   7834]   WARN - llij.ide.plugins.PluginManager - Plugin "HTML::Mason Support" is incompatible (since build 201.6668 > IC-193.6911.18) 
2020-04-13 04:53:22,303 [   7834]   WARN - llij.ide.plugins.PluginManager - Plugin "Embedded Perl Support" is incompatible (since build 201.6668 > IC-193.6911.18) 
2020-04-13 04:53:22,304 [   7835]   WARN - llij.ide.plugins.PluginManager - Plugin "Properties" is incompatible (since build 201.6668 > IC-193.6911.18) 
2020-04-13 04:53:22,304 [   7835]   WARN - llij.ide.plugins.PluginManager - Plugin "Diff / Patch File Support" is incompatible (since build 201.0 > IC-193.6911.18) 
2020-04-13 04:53:22,305 [   7836]   WARN - llij.ide.plugins.PluginManager - Plugin "Shell Script" is incompatible (since build 201.6668 > IC-193.6911.18) 
2020-04-13 04:53:22,305 [   7836]   WARN - llij.ide.plugins.PluginManager - Plugin "YAML" is incompatible (since build 201.6668 > IC-193.6911.18) 
2020-04-13 04:53:22,305 [   7836]   WARN - llij.ide.plugins.PluginManager - Plugin "RDF and SPARQL" is incompatible (since build 201.3803.32 > IC-193.6911.18) 
2020-04-13 04:53:22,305 [   7836]   WARN - llij.ide.plugins.PluginManager - Plugin "BashSupport Pro" is incompatible (since build 201.6668.60 > IC-193.6911.18) 
2020-04-13 04:53:22,305 [   7836]   WARN - llij.ide.plugins.PluginManager - Plugin "Protocol Buffer Editor" is incompatible (since build 201.0 > IC-193.6911.18) 
2020-04-13 04:53:22,306 [   7837]   WARN - llij.ide.plugins.PluginManager - Plugin "Complexity reducer" is incompatible (since build 201.6668 > IC-193.6911.18) 
2020-04-13 04:53:22,307 [   7838]   WARN - llij.ide.plugins.PluginManager - Plugin "Prettify Python" is incompatible (since build 201.5616 > IC-193.6911.18) 
2020-04-13 04:53:22,307 [   7838]   WARN - llij.ide.plugins.PluginManager - Plugin "Eclipse Code Formatter" is incompatible (since build 201.6668 > IC-193.6911.18) 
2020-04-13 04:53:22,307 [   7838]   WARN - llij.ide.plugins.PluginManager - Plugin "EditorConfig" is incompatible (since build 201.6668 > IC-193.6911.18) 
2020-04-13 04:53:22,308 [   7839]   WARN - llij.ide.plugins.PluginManager - Plugin "google-java-format" is incompatible (since build 201.0 > IC-193.6911.18) 
2020-04-13 04:53:22,308 [   7839]   WARN - llij.ide.plugins.PluginManager - Plugin "Advanced Java Folding" is incompatible (since build 201.6668 > IC-193.6911.18) 
2020-04-13 04:53:22,308 [   7839]   WARN - llij.ide.plugins.PluginManager - Plugin "Tailwind Formatter" is incompatible (since build 201.5616 > IC-193.6911.18) 
2020-04-13 04:53:22,309 [   7840]   WARN - llij.ide.plugins.PluginManager - Plugin "Commander" is incompatible (since build 201.6668 > IC-193.6911.18) 
2020-04-13 04:53:22,310 [   7841]   WARN - llij.ide.plugins.PluginManager - Plugin "Phing" is incompatible (since build 201.6668 > IC-193.6911.18) 
2020-04-13 04:53:22,310 [   7841]   WARN - llij.ide.plugins.PluginManager - Plugin "File Watchers" is incompatible (since build 201.6668 > IC-193.6911.18) 
2020-04-13 04:53:22,310 [   7841]   WARN - llij.ide.plugins.PluginManager - Plugin "Error Prone Compiler" is incompatible (since build 201.6668 > IC-193.6911.18) 
2020-04-13 04:53:22,311 [   7842]   WARN - llij.ide.plugins.PluginManager - Plugin "Pants Support" is incompatible (since build 201.6073 > IC-193.6911.18) 
2020-04-13 04:53:22,311 [   7842]   WARN - llij.ide.plugins.PluginManager - Plugin "Gradle" is incompatible (since build 201.6668 > IC-193.6911.18) 
2020-04-13 04:53:22,311 [   7842]   WARN - llij.ide.plugins.PluginManager - Plugin "Jeka" is incompatible (since build 201.5259 > IC-193.6911.18) 
2020-04-13 04:53:22,312 [   7843]   WARN - llij.ide.plugins.PluginManager - Plugin "Gradle Dependencies Helper" is incompatible (since build 201.0 > IC-193.6911.18) 
2020-04-13 04:53:22,312 [   7843]   WARN - llij.ide.plugins.PluginManager - Plugin "Hungry Backspace Reloaded" is incompatible (since build 201.0 > IC-193.6911.18) 
2020-04-13 04:53:22,313 [   7844]   WARN - llij.ide.plugins.PluginManager - Plugin "Custom Postfix Templates" is incompatible (since build 201.6073 > IC-193.6911.18) 
2020-04-13 04:53:22,314 [   7845]   WARN - llij.ide.plugins.PluginManager - Plugin "Spek Framework" is incompatible (since build 201.1 > IC-193.6911.18) 
2020-04-13 04:53:22,314 [   7845]   WARN - llij.ide.plugins.PluginManager - Plugin "Hunspell" is incompatible (since build 201.6668 > IC-193.6911.18) 
2020-04-13 04:53:22,315 [   7846]   WARN - llij.ide.plugins.PluginManager - Plugin "Ambient" is incompatible (since build 201.6668 > IC-193.6911.18) 
2020-04-13 04:53:22,315 [   7846]   WARN - llij.ide.plugins.PluginManager - Plugin "MoveTab" is incompatible (since build 201.6668 > IC-193.6911.18) 
2020-04-13 04:53:22,315 [   7846]   WARN - llij.ide.plugins.PluginManager - Plugin "AWS Toolkit" is incompatible (since build 201.0 > IC-193.6911.18) 
2020-04-13 04:53:22,316 [   7847]   WARN - llij.ide.plugins.PluginManager - Plugin "Performance Testing" is incompatible (since build 201.6668 > IC-193.6911.18) 
2020-04-13 04:53:22,316 [   7847]   WARN - llij.ide.plugins.PluginManager - Plugin "Serial Port Monitor" is incompatible (since build 201.0 > IC-193.6911.18) 
2020-04-13 04:53:22,317 [   7848]   WARN - llij.ide.plugins.PluginManager - Plugin "Darkyen's Time Tracker" is incompatible (since build 201.6251.9 > IC-193.6911.18) 
2020-04-13 04:53:22,317 [   7848]   WARN - llij.ide.plugins.PluginManager - Plugin "IntelliJ IDEA Help" is incompatible (since build 201.6668 > IC-193.6911.18) 
2020-04-13 04:53:22,317 [   7848]   WARN - llij.ide.plugins.PluginManager - Plugin "Environment Variable Settings Summary" is incompatible (since build 201.6668 > IC-193.6911.18) 
2020-04-13 04:53:22,318 [   7849]   WARN - llij.ide.plugins.PluginManager - Plugin "Copyright" is incompatible (since build 201.6668 > IC-193.6911.18) 
2020-04-13 04:53:22,318 [   7849]   WARN - llij.ide.plugins.PluginManager - Plugin "License Generator" is incompatible (since build 201.6668 > IC-193.6911.18) 
2020-04-13 04:53:22,318 [   7849]   WARN - llij.ide.plugins.PluginManager - Plugin "IntelliLang" is incompatible (since build 201.6668 > IC-193.6911.18) 
2020-04-13 04:53:22,318 [   7849]   WARN - llij.ide.plugins.PluginManager - Plugin "JetBrains Marketplace Licensing Support" is incompatible (since build 201.6668 > IC-193.6911.18) 
2020-04-13 04:53:22,318 [   7849]   WARN - llij.ide.plugins.PluginManager - Plugin "Chinese (Simplified) Language Pack EAP" is incompatible (since build 201.6668.121 > IC-193.6911.18) 
2020-04-13 04:53:22,319 [   7850]   WARN - llij.ide.plugins.PluginManager - Plugin "Korean Language Pack EAP" is incompatible (since build 201.6668.121 > IC-193.6911.18) 
2020-04-13 04:53:22,319 [   7850]   WARN - llij.ide.plugins.PluginManager - Plugin "Shared Indexes" is incompatible (since build 201.6668 > IC-193.6911.18) 
2020-04-13 04:53:22,319 [   7850]   WARN - llij.ide.plugins.PluginManager - Plugin "Japanese Language Pack EAP" is incompatible (since build 201.6668.121 > IC-193.6911.18) 
2020-04-13 04:53:22,319 [   7850]   WARN - llij.ide.plugins.PluginManager - Plugin "Visual Assist Keymap" is incompatible (since build 201.6668 > IC-193.6911.18) 
2020-04-13 04:53:22,322 [   7853]   WARN - llij.ide.plugins.PluginManager - Plugin "Grazie" is incompatible (since build 201.6668 > IC-193.6911.18) 
2020-04-13 04:53:22,322 [   7853]   WARN - llij.ide.plugins.PluginManager - Plugin "Sublime Text Keymap" is incompatible (since build 201.6251 > IC-193.6911.18) 
2020-04-13 04:53:22,322 [   7853]   WARN - llij.ide.plugins.PluginManager - Plugin "NetBeans Keymap" is incompatible (since build 201.6251 > IC-193.6911.18) 
2020-04-13 04:53:22,322 [   7853]   WARN - llij.ide.plugins.PluginManager - Plugin "Eclipse Keymap" is incompatible (since build 201.6251 > IC-193.6911.18) 
2020-04-13 04:53:22,322 [   7853]   WARN - llij.ide.plugins.PluginManager - Plugin "Visual Studio Keymap" is incompatible (since build 201.6668 > IC-193.6911.18) 
2020-04-13 04:53:22,322 [   7853]   WARN - llij.ide.plugins.PluginManager - Plugin "Emacs Keymap" is incompatible (since build 201.6251 > IC-193.6911.18) 
2020-04-13 04:53:22,333 [   7864]   WARN - llij.ide.plugins.PluginManager - Plugin "GNOME Keymap" is incompatible (since build 201.6251 > IC-193.6911.18) 
2020-04-13 04:53:22,336 [   7867]   WARN - llij.ide.plugins.PluginManager - Plugin "KDE Keymap" is incompatible (since build 201.6251 > IC-193.6911.18) 
2020-04-13 04:53:22,336 [   7867]   WARN - llij.ide.plugins.PluginManager - Plugin "ReSharper Keymap" is incompatible (since build 201.6668 > IC-193.6911.18) 
2020-04-13 04:53:22,337 [   7868]   WARN - llij.ide.plugins.PluginManager - Plugin "Xcode Keymap" is incompatible (since build 201.6487 > IC-193.6911.18) 
2020-04-13 04:53:22,337 [   7868]   WARN - llij.ide.plugins.PluginManager - Plugin "XWin Keymap" is incompatible (since build 201.6487 > IC-193.6911.18) 
2020-04-13 04:53:22,337 [   7868]   WARN - llij.ide.plugins.PluginManager - Plugin "macOS Keymap" is incompatible (since build 201.6487 > IC-193.6911.18) 
2020-04-13 04:53:22,337 [   7868]   WARN - llij.ide.plugins.PluginManager - Plugin "Rider Keymap" is incompatible (since build 201.6251 > IC-193.6911.18) 
2020-04-13 04:53:23,731 [   9262]   WARN - llij.ide.plugins.PluginManager - Plugin "IDE Features Trainer" is incompatible (since build 201.6668 > IC-193.6911.18) 
2020-04-13 04:53:23,752 [   9283]   WARN - llij.ide.plugins.PluginManager - Plugin "Lombok" is incompatible (since build 201.5985 > IC-193.6911.18) 
2020-04-13 04:53:23,753 [   9284]   WARN - llij.ide.plugins.PluginManager - Plugin "Lombok" is incompatible (until build 193.SNAPSHOT < IC-201.6668.121) 
2020-04-13 04:53:23,764 [   9295]   WARN - llij.ide.plugins.PluginManager - Plugin "Scala" is incompatible (since build 201.2837 > IC-193.6911.18) 
2020-04-13 04:53:23,765 [   9296]   WARN - llij.ide.plugins.PluginManager - Plugin "Kotlin" is incompatible (since build 201.6487 > IC-193.6911.18) 
2020-04-13 04:53:23,765 [   9296]   WARN - llij.ide.plugins.PluginManager - Plugin "Error Prone Compiler" is incompatible (since build 201.6668 > IC-193.6911.18) 
2020-04-13 04:53:23,768 [   9299]   WARN - llij.ide.plugins.PluginManager - Plugin "Gradle Dependencies Helper" is incompatible (since build 201.0 > IC-193.6911.18) 
2020-04-13 05:02:31,367 [ 556898]   WARN - .ExternalSystemTaskDebugRunner - Socket closed 
java.net.SocketException: Socket closed
	at java.base/java.net.PlainSocketImpl.socketAccept(Native Method)
	at java.base/java.net.AbstractPlainSocketImpl.accept(AbstractPlainSocketImpl.java:458)
	at java.base/java.net.ServerSocket.implAccept(ServerSocket.java:565)
	at java.base/java.net.ServerSocket.accept(ServerSocket.java:533)
	at com.intellij.openapi.externalSystem.service.execution.ForkedDebuggerThread.run(ForkedDebuggerThread.java:102)
2020-04-13 05:04:34,052 [ 679583]   WARN - .ExternalSystemTaskDebugRunner - Socket closed 
java.net.SocketException: Socket closed
	at java.base/java.net.PlainSocketImpl.socketAccept(Native Method)
	at java.base/java.net.AbstractPlainSocketImpl.accept(AbstractPlainSocketImpl.java:458)
	at java.base/java.net.ServerSocket.implAccept(ServerSocket.java:565)
	at java.base/java.net.ServerSocket.accept(ServerSocket.java:533)
	at com.intellij.openapi.externalSystem.service.execution.ForkedDebuggerThread.run(ForkedDebuggerThread.java:102)
2020-04-13 13:08:15,681 [29701212]   WARN - com.intellij.ide.IdeEventQueue - System clock's jumped back by ~1 sec 
2020-04-13 16:46:49,622 [42815153]   WARN - .ExternalSystemTaskDebugRunner - Socket closed 
java.net.SocketException: Socket closed
	at java.base/java.net.PlainSocketImpl.socketAccept(Native Method)
	at java.base/java.net.AbstractPlainSocketImpl.accept(AbstractPlainSocketImpl.java:458)
	at java.base/java.net.ServerSocket.implAccept(ServerSocket.java:565)
	at java.base/java.net.ServerSocket.accept(ServerSocket.java:533)
	at com.intellij.openapi.externalSystem.service.execution.ForkedDebuggerThread.run(ForkedDebuggerThread.java:102)
2020-04-13 18:45:01,130 [49906661]   WARN - .ExternalSystemTaskDebugRunner - Socket closed 
java.net.SocketException: Socket closed
	at java.base/java.net.PlainSocketImpl.socketAccept(Native Method)
	at java.base/java.net.AbstractPlainSocketImpl.accept(AbstractPlainSocketImpl.java:458)
	at java.base/java.net.ServerSocket.implAccept(ServerSocket.java:565)
	at java.base/java.net.ServerSocket.accept(ServerSocket.java:533)
	at com.intellij.openapi.externalSystem.service.execution.ForkedDebuggerThread.run(ForkedDebuggerThread.java:102)
2020-04-13 20:02:25,406 [54550937]   WARN - .ExternalSystemTaskDebugRunner - Socket closed 
java.net.SocketException: Socket closed
	at java.base/java.net.PlainSocketImpl.socketAccept(Native Method)
	at java.base/java.net.AbstractPlainSocketImpl.accept(AbstractPlainSocketImpl.java:458)
	at java.base/java.net.ServerSocket.implAccept(ServerSocket.java:565)
	at java.base/java.net.ServerSocket.accept(ServerSocket.java:533)
	at com.intellij.openapi.externalSystem.service.execution.ForkedDebuggerThread.run(ForkedDebuggerThread.java:102)
2020-04-13 21:58:07,055 [61492586]   WARN - ntellij.ui.popup.AbstractPopup - huge popup requested: 8845 x 28 
2020-04-13 21:58:07,068 [61492599]   WARN - ntellij.ui.popup.AbstractPopup - huge popup requested: 8845 x 28 
2020-04-13 22:09:36,049 [62181580]   WARN - ntellij.ui.popup.AbstractPopup - huge popup requested: 8854 x 28 
2020-04-13 22:09:36,058 [62181589]   WARN - ntellij.ui.popup.AbstractPopup - huge popup requested: 8854 x 28 
2020-04-13 22:11:27,171 [62292702]   WARN - ntellij.ui.popup.AbstractPopup - huge popup requested: 8961 x 28 
2020-04-14 00:09:54,048 [69399579]   WARN - .ExternalSystemTaskDebugRunner - Socket closed 
java.net.SocketException: Socket closed
	at java.base/java.net.PlainSocketImpl.socketAccept(Native Method)
	at java.base/java.net.AbstractPlainSocketImpl.accept(AbstractPlainSocketImpl.java:458)
	at java.base/java.net.ServerSocket.implAccept(ServerSocket.java:565)
	at java.base/java.net.ServerSocket.accept(ServerSocket.java:533)
	at com.intellij.openapi.externalSystem.service.execution.ForkedDebuggerThread.run(ForkedDebuggerThread.java:102)
2020-04-14 00:39:04,300 [71149831]   WARN - .ExternalSystemTaskDebugRunner - Socket closed 
java.net.SocketException: Socket closed
	at java.base/java.net.PlainSocketImpl.socketAccept(Native Method)
	at java.base/java.net.AbstractPlainSocketImpl.accept(AbstractPlainSocketImpl.java:458)
	at java.base/java.net.ServerSocket.implAccept(ServerSocket.java:565)
	at java.base/java.net.ServerSocket.accept(ServerSocket.java:533)
	at com.intellij.openapi.externalSystem.service.execution.ForkedDebuggerThread.run(ForkedDebuggerThread.java:102)
2020-04-14 00:40:33,688 [71239219]   WARN - .ExternalSystemTaskDebugRunner - Socket closed 
java.net.SocketException: Socket closed
	at java.base/java.net.PlainSocketImpl.socketAccept(Native Method)
	at java.base/java.net.AbstractPlainSocketImpl.accept(AbstractPlainSocketImpl.java:458)
	at java.base/java.net.ServerSocket.implAccept(ServerSocket.java:565)
	at java.base/java.net.ServerSocket.accept(ServerSocket.java:533)
	at com.intellij.openapi.externalSystem.service.execution.ForkedDebuggerThread.run(ForkedDebuggerThread.java:102)
2020-04-14 01:43:30,566 [75016097]   WARN - .ExternalSystemTaskDebugRunner - Socket closed 
java.net.SocketException: Socket closed
	at java.base/java.net.PlainSocketImpl.socketAccept(Native Method)
	at java.base/java.net.AbstractPlainSocketImpl.accept(AbstractPlainSocketImpl.java:458)
	at java.base/java.net.ServerSocket.implAccept(ServerSocket.java:565)
	at java.base/java.net.ServerSocket.accept(ServerSocket.java:533)
	at com.intellij.openapi.externalSystem.service.execution.ForkedDebuggerThread.run(ForkedDebuggerThread.java:102)
2020-04-14 01:56:26,351 [75791882]   WARN - .ExternalSystemTaskDebugRunner - Socket closed 
java.net.SocketException: Socket closed
	at java.base/java.net.PlainSocketImpl.socketAccept(Native Method)
	at java.base/java.net.AbstractPlainSocketImpl.accept(AbstractPlainSocketImpl.java:458)
	at java.base/java.net.ServerSocket.implAccept(ServerSocket.java:565)
	at java.base/java.net.ServerSocket.accept(ServerSocket.java:533)
	at com.intellij.openapi.externalSystem.service.execution.ForkedDebuggerThread.run(ForkedDebuggerThread.java:102)
2020-04-14 01:57:45,352 [75870883]   WARN - .ExternalSystemTaskDebugRunner - Socket closed 
java.net.SocketException: Socket closed
	at java.base/java.net.PlainSocketImpl.socketAccept(Native Method)
	at java.base/java.net.AbstractPlainSocketImpl.accept(AbstractPlainSocketImpl.java:458)
	at java.base/java.net.ServerSocket.implAccept(ServerSocket.java:565)
	at java.base/java.net.ServerSocket.accept(ServerSocket.java:533)
	at com.intellij.openapi.externalSystem.service.execution.ForkedDebuggerThread.run(ForkedDebuggerThread.java:102)
2020-04-14 01:59:01,908 [75947439]   WARN - .ExternalSystemTaskDebugRunner - Socket closed 
java.net.SocketException: Socket closed
	at java.base/java.net.PlainSocketImpl.socketAccept(Native Method)
	at java.base/java.net.AbstractPlainSocketImpl.accept(AbstractPlainSocketImpl.java:458)
	at java.base/java.net.ServerSocket.implAccept(ServerSocket.java:565)
	at java.base/java.net.ServerSocket.accept(ServerSocket.java:533)
	at com.intellij.openapi.externalSystem.service.execution.ForkedDebuggerThread.run(ForkedDebuggerThread.java:102)
2020-04-14 02:02:17,769 [76143300]   WARN - .ExternalSystemTaskDebugRunner - Socket closed 
java.net.SocketException: Socket closed
	at java.base/java.net.PlainSocketImpl.socketAccept(Native Method)
	at java.base/java.net.AbstractPlainSocketImpl.accept(AbstractPlainSocketImpl.java:458)
	at java.base/java.net.ServerSocket.implAccept(ServerSocket.java:565)
	at java.base/java.net.ServerSocket.accept(ServerSocket.java:533)
	at com.intellij.openapi.externalSystem.service.execution.ForkedDebuggerThread.run(ForkedDebuggerThread.java:102)
2020-04-14 02:07:18,273 [76443804]   WARN - .ExternalSystemTaskDebugRunner - Socket closed 
java.net.SocketException: Socket closed
	at java.base/java.net.PlainSocketImpl.socketAccept(Native Method)
	at java.base/java.net.AbstractPlainSocketImpl.accept(AbstractPlainSocketImpl.java:458)
	at java.base/java.net.ServerSocket.implAccept(ServerSocket.java:565)
	at java.base/java.net.ServerSocket.accept(ServerSocket.java:533)
	at com.intellij.openapi.externalSystem.service.execution.ForkedDebuggerThread.run(ForkedDebuggerThread.java:102)
2020-04-14 02:24:32,111 [77477642]   WARN - .ExternalSystemTaskDebugRunner - Socket closed 
java.net.SocketException: Socket closed
	at java.base/java.net.PlainSocketImpl.socketAccept(Native Method)
	at java.base/java.net.AbstractPlainSocketImpl.accept(AbstractPlainSocketImpl.java:458)
	at java.base/java.net.ServerSocket.implAccept(ServerSocket.java:565)
	at java.base/java.net.ServerSocket.accept(ServerSocket.java:533)
	at com.intellij.openapi.externalSystem.service.execution.ForkedDebuggerThread.run(ForkedDebuggerThread.java:102)
2020-04-14 02:32:58,792 [77984323]   WARN - .ExternalSystemTaskDebugRunner - Socket closed 
java.net.SocketException: Socket closed
	at java.base/java.net.PlainSocketImpl.socketAccept(Native Method)
	at java.base/java.net.AbstractPlainSocketImpl.accept(AbstractPlainSocketImpl.java:458)
	at java.base/java.net.ServerSocket.implAccept(ServerSocket.java:565)
	at java.base/java.net.ServerSocket.accept(ServerSocket.java:533)
	at com.intellij.openapi.externalSystem.service.execution.ForkedDebuggerThread.run(ForkedDebuggerThread.java:102)
2020-04-14 02:36:01,043 [78166574]   WARN - .ExternalSystemTaskDebugRunner - Socket closed 
java.net.SocketException: Socket closed
	at java.base/java.net.PlainSocketImpl.socketAccept(Native Method)
	at java.base/java.net.AbstractPlainSocketImpl.accept(AbstractPlainSocketImpl.java:458)
	at java.base/java.net.ServerSocket.implAccept(ServerSocket.java:565)
	at java.base/java.net.ServerSocket.accept(ServerSocket.java:533)
	at com.intellij.openapi.externalSystem.service.execution.ForkedDebuggerThread.run(ForkedDebuggerThread.java:102)
2020-04-14 02:36:01,072 [78166603]  ERROR - pplication.impl.LaterInvocator - Wrong start: -1; end=-1 
java.lang.IllegalArgumentException: Wrong start: -1; end=-1
	at com.intellij.openapi.editor.impl.RangeMarkerImpl.<init>(RangeMarkerImpl.java:57)
	at com.intellij.openapi.editor.impl.RangeMarkerImpl.<init>(RangeMarkerImpl.java:36)
	at com.intellij.openapi.editor.impl.RangeHighlighterImpl.<init>(RangeHighlighterImpl.java:68)
	at com.intellij.openapi.editor.impl.MarkupModelImpl.addRangeHighlighterAndChangeAttributes(MarkupModelImpl.java:115)
	at com.intellij.openapi.editor.impl.MarkupModelImpl.addRangeHighlighter(MarkupModelImpl.java:166)
	at com.intellij.execution.impl.EditorHyperlinkSupport.addHighlighter(EditorHyperlinkSupport.java:314)
	at com.intellij.openapi.externalSystem.service.execution.ForkedDebuggerThread$MyForkedProcessListener.lambda$removeLink$3(ForkedDebuggerThread.java:308)
	at com.intellij.openapi.application.TransactionGuardImpl$2.run(TransactionGuardImpl.java:309)
	at com.intellij.openapi.application.impl.LaterInvocator$FlushQueue.doRun(LaterInvocator.java:441)
	at com.intellij.openapi.application.impl.LaterInvocator$FlushQueue.runNextEvent(LaterInvocator.java:424)
	at com.intellij.openapi.application.impl.LaterInvocator$FlushQueue.run(LaterInvocator.java:407)
	at java.desktop/java.awt.event.InvocationEvent.dispatch(InvocationEvent.java:313)
	at java.desktop/java.awt.EventQueue.dispatchEventImpl(EventQueue.java:776)
	at java.desktop/java.awt.EventQueue$4.run(EventQueue.java:727)
	at java.desktop/java.awt.EventQueue$4.run(EventQueue.java:721)
	at java.base/java.security.AccessController.doPrivileged(Native Method)
	at java.base/java.security.ProtectionDomain$JavaSecurityAccessImpl.doIntersectionPrivilege(ProtectionDomain.java:85)
	at java.desktop/java.awt.EventQueue.dispatchEvent(EventQueue.java:746)
	at com.intellij.ide.IdeEventQueue.defaultDispatchEvent(IdeEventQueue.java:908)
	at com.intellij.ide.IdeEventQueue._dispatchEvent(IdeEventQueue.java:781)
	at com.intellij.ide.IdeEventQueue.lambda$dispatchEvent$8(IdeEventQueue.java:424)
	at com.intellij.openapi.progress.impl.CoreProgressManager.computePrioritized(CoreProgressManager.java:698)
	at com.intellij.ide.IdeEventQueue.dispatchEvent(IdeEventQueue.java:423)
	at java.desktop/java.awt.EventDispatchThread.pumpOneEventForFilters(EventDispatchThread.java:203)
	at java.desktop/java.awt.EventDispatchThread.pumpEventsForFilter(EventDispatchThread.java:124)
	at java.desktop/java.awt.EventDispatchThread.pumpEventsForHierarchy(EventDispatchThread.java:113)
	at java.desktop/java.awt.EventDispatchThread.pumpEvents(EventDispatchThread.java:109)
	at java.desktop/java.awt.EventDispatchThread.pumpEvents(EventDispatchThread.java:101)
	at java.desktop/java.awt.EventDispatchThread.run(EventDispatchThread.java:90)
2020-04-14 02:36:01,119 [78166650]  ERROR - pplication.impl.LaterInvocator - IntelliJ IDEA 2019.3.4  Build #IC-193.6911.18 
2020-04-14 02:36:01,119 [78166650]  ERROR - pplication.impl.LaterInvocator - JDK: 11.0.6; VM: OpenJDK 64-Bit Server VM; Vendor: JetBrains s.r.o 
2020-04-14 02:36:01,119 [78166650]  ERROR - pplication.impl.LaterInvocator - OS: Linux 
2020-04-14 02:36:01,162 [78166693]  ERROR - pplication.impl.LaterInvocator - Last Action: Stop 
2020-04-14 02:46:58,529 [78824060]   WARN - .ExternalSystemTaskDebugRunner - Socket closed 
java.net.SocketException: Socket closed
	at java.base/java.net.PlainSocketImpl.socketAccept(Native Method)
	at java.base/java.net.AbstractPlainSocketImpl.accept(AbstractPlainSocketImpl.java:458)
	at java.base/java.net.ServerSocket.implAccept(ServerSocket.java:565)
	at java.base/java.net.ServerSocket.accept(ServerSocket.java:533)
	at com.intellij.openapi.externalSystem.service.execution.ForkedDebuggerThread.run(ForkedDebuggerThread.java:102)
2020-04-14 05:32:35,334 [88760865]   WARN - llij.ide.plugins.PluginManager - Plugin "IDE Features Trainer" is incompatible (since build 201.6668 > IC-193.6911.18) 
2020-04-14 05:32:35,337 [88760868]   WARN - llij.ide.plugins.PluginManager - Plugin "Lombok" is incompatible (since build 201.5985 > IC-193.6911.18) 
2020-04-14 05:32:35,338 [88760869]   WARN - llij.ide.plugins.PluginManager - Plugin "Lombok" is incompatible (until build 193.SNAPSHOT < IC-201.6668.121) 
2020-04-14 05:32:35,339 [88760870]   WARN - llij.ide.plugins.PluginManager - Plugin "Scala" is incompatible (since build 201.2837 > IC-193.6911.18) 
2020-04-14 05:32:35,339 [88760870]   WARN - llij.ide.plugins.PluginManager - Plugin "Kotlin" is incompatible (since build 201.6487 > IC-193.6911.18) 
2020-04-14 05:32:35,340 [88760871]   WARN - llij.ide.plugins.PluginManager - Plugin "Error Prone Compiler" is incompatible (since build 201.6668 > IC-193.6911.18) 
2020-04-14 05:32:35,340 [88760871]   WARN - llij.ide.plugins.PluginManager - Plugin "Gradle Dependencies Helper" is incompatible (since build 201.0 > IC-193.6911.18) 
2020-04-14 13:53:44,132 [118829663]   WARN - .ExternalSystemTaskDebugRunner - Socket closed 
java.net.SocketException: Socket closed
	at java.base/java.net.PlainSocketImpl.socketAccept(Native Method)
	at java.base/java.net.AbstractPlainSocketImpl.accept(AbstractPlainSocketImpl.java:458)
	at java.base/java.net.ServerSocket.implAccept(ServerSocket.java:565)
	at java.base/java.net.ServerSocket.accept(ServerSocket.java:533)
	at com.intellij.openapi.externalSystem.service.execution.ForkedDebuggerThread.run(ForkedDebuggerThread.java:102)
2020-04-14 19:21:43,842 [138509373]   WARN - .diagnostic.PerformanceWatcher - UI freezed for 13368ms, details saved to /home/jan/.IdeaIC2019.3/system/log/threadDumps-freeze-20200414-192129-IC-193.6911.18-Blit.Blit-13sec 
2020-04-15 00:47:25,206 [158050737]   WARN - cution.filters.CompositeFilter - ExceptionFilter.applyFilter() took 2756 ms on '''	at org.eclipse.persistence.internal.jpa.EntityManagerImpl.flush(EntityManagerImpl.java:975)
''' 
2020-04-15 06:22:51,652 [178177183]   WARN - llij.ide.plugins.PluginManager - Plugin "IDE Features Trainer" is incompatible (since build 201.6668 > IC-193.6911.18) 
2020-04-15 06:22:51,680 [178177211]   WARN - llij.ide.plugins.PluginManager - Plugin "Lombok" is incompatible (since build 201.6668 > IC-193.6911.18) 
2020-04-15 06:22:51,694 [178177225]   WARN - llij.ide.plugins.PluginManager - Plugin "Scala" is incompatible (since build 201.2837 > IC-193.6911.18) 
2020-04-15 06:22:51,695 [178177226]   WARN - llij.ide.plugins.PluginManager - Plugin "Kotlin" is incompatible (since build 201.6487 > IC-193.6911.18) 
2020-04-15 06:22:51,695 [178177226]   WARN - llij.ide.plugins.PluginManager - Plugin "Error Prone Compiler" is incompatible (since build 201.6668 > IC-193.6911.18) 
2020-04-15 06:22:51,696 [178177227]   WARN - llij.ide.plugins.PluginManager - Plugin "Gradle Dependencies Helper" is incompatible (since build 201.0 > IC-193.6911.18) 
2020-04-15 20:13:48,841 [228034372]   WARN - .diagnostic.PerformanceWatcher - UI freezed for 11587ms, details saved to /home/jan/.IdeaIC2019.3/system/log/threadDumps-freeze-20200415-201337-IC-193.6911.18-Unsafe.park-11sec 
2020-04-15 20:49:08,569 [230154100]   WARN - .diagnostic.PerformanceWatcher - UI freezed for 24182ms, details saved to /home/jan/.IdeaIC2019.3/system/log/threadDumps-freeze-20200415-204844-IC-193.6911.18-UndoableGroup.performActions-24sec 
2020-04-15 20:49:42,843 [230188374]   WARN - .diagnostic.PerformanceWatcher - UI freezed for 24360ms, details saved to /home/jan/.IdeaIC2019.3/system/log/threadDumps-freeze-20200415-204918-IC-193.6911.18-DocumentImpl.changedUpdate-24sec 
2020-04-16 08:14:28,540 [271274071]   WARN - llij.ide.plugins.PluginManager - Plugin "IDE Features Trainer" is incompatible (since build 201.6668 > IC-193.6911.18) 
2020-04-16 08:14:28,560 [271274091]   WARN - llij.ide.plugins.PluginManager - Plugin "Lombok" is incompatible (since build 201.6668 > IC-193.6911.18) 
2020-04-16 08:14:28,564 [271274095]   WARN - llij.ide.plugins.PluginManager - Plugin "Scala" is incompatible (since build 201.2837 > IC-193.6911.18) 
2020-04-16 08:14:28,565 [271274096]   WARN - llij.ide.plugins.PluginManager - Plugin "Kotlin" is incompatible (since build 201.6487 > IC-193.6911.18) 
2020-04-16 08:14:28,566 [271274097]   WARN - llij.ide.plugins.PluginManager - Plugin "Error Prone Compiler" is incompatible (since build 201.6668 > IC-193.6911.18) 
2020-04-16 08:14:28,570 [271274101]   WARN - llij.ide.plugins.PluginManager - Plugin "Gradle Dependencies Helper" is incompatible (since build 201.0 > IC-193.6911.18) 
2020-04-16 14:24:42,796 [293488327]   WARN - .diagnostic.PerformanceWatcher - UI freezed for 12508ms, details saved to /home/jan/.IdeaIC2019.3/system/log/threadDumps-freeze-20200416-142430-IC-193.6911.18-JComponent.paint-12sec 
2020-04-16 15:10:13,428 [296218959]   WARN - .diagnostic.PerformanceWatcher - UI freezed for 7045ms, details saved to /home/jan/.IdeaIC2019.3/system/log/threadDumps-freeze-20200416-151006-IC-193.6911.18-Unsafe.park-7sec 
2020-04-16 15:20:04,272 [296809803]   WARN - .diagnostic.PerformanceWatcher - UI freezed for 11765ms, details saved to /home/jan/.IdeaIC2019.3/system/log/threadDumps-freeze-20200416-151952-IC-193.6911.18-XRBackendNative.XRenderCompositeTextNative-11sec 
2020-04-16 17:52:36,342 [305961873]   WARN - .ExternalSystemTaskDebugRunner - Socket closed 
java.net.SocketException: Socket closed
	at java.base/java.net.PlainSocketImpl.socketAccept(Native Method)
	at java.base/java.net.AbstractPlainSocketImpl.accept(AbstractPlainSocketImpl.java:458)
	at java.base/java.net.ServerSocket.implAccept(ServerSocket.java:565)
	at java.base/java.net.ServerSocket.accept(ServerSocket.java:533)
	at com.intellij.openapi.externalSystem.service.execution.ForkedDebuggerThread.run(ForkedDebuggerThread.java:102)
2020-04-16 20:11:12,625 [314278156]   WARN - .diagnostic.PerformanceWatcher - UI freezed for 5903ms, details saved to null 
2020-04-16 22:28:23,977 [322509508]   WARN - .ExternalSystemTaskDebugRunner - Socket closed 
java.net.SocketException: Socket closed
	at java.base/java.net.PlainSocketImpl.socketAccept(Native Method)
	at java.base/java.net.AbstractPlainSocketImpl.accept(AbstractPlainSocketImpl.java:458)
	at java.base/java.net.ServerSocket.implAccept(ServerSocket.java:565)
	at java.base/java.net.ServerSocket.accept(ServerSocket.java:533)
	at com.intellij.openapi.externalSystem.service.execution.ForkedDebuggerThread.run(ForkedDebuggerThread.java:102)
2020-04-16 23:53:28,910 [327614441]   WARN - .ExternalSystemTaskDebugRunner - Socket closed 
java.net.SocketException: Socket closed
	at java.base/java.net.PlainSocketImpl.socketAccept(Native Method)
	at java.base/java.net.AbstractPlainSocketImpl.accept(AbstractPlainSocketImpl.java:458)
	at java.base/java.net.ServerSocket.implAccept(ServerSocket.java:565)
	at java.base/java.net.ServerSocket.accept(ServerSocket.java:533)
	at com.intellij.openapi.externalSystem.service.execution.ForkedDebuggerThread.run(ForkedDebuggerThread.java:102)
2020-04-17 00:27:02,343 [329627874]   WARN - .ExternalSystemTaskDebugRunner - Socket closed 
java.net.SocketException: Socket closed
	at java.base/java.net.PlainSocketImpl.socketAccept(Native Method)
	at java.base/java.net.AbstractPlainSocketImpl.accept(AbstractPlainSocketImpl.java:458)
	at java.base/java.net.ServerSocket.implAccept(ServerSocket.java:565)
	at java.base/java.net.ServerSocket.accept(ServerSocket.java:533)
	at com.intellij.openapi.externalSystem.service.execution.ForkedDebuggerThread.run(ForkedDebuggerThread.java:102)
2020-04-17 00:46:52,868 [330818399]   WARN - .ExternalSystemTaskDebugRunner - Socket closed 
java.net.SocketException: Socket closed
	at java.base/java.net.PlainSocketImpl.socketAccept(Native Method)
	at java.base/java.net.AbstractPlainSocketImpl.accept(AbstractPlainSocketImpl.java:458)
	at java.base/java.net.ServerSocket.implAccept(ServerSocket.java:565)
	at java.base/java.net.ServerSocket.accept(ServerSocket.java:533)
	at com.intellij.openapi.externalSystem.service.execution.ForkedDebuggerThread.run(ForkedDebuggerThread.java:102)
2020-04-17 00:55:18,712 [331324243]   WARN - .ExternalSystemTaskDebugRunner - Socket closed 
java.net.SocketException: Socket closed
	at java.base/java.net.PlainSocketImpl.socketAccept(Native Method)
	at java.base/java.net.AbstractPlainSocketImpl.accept(AbstractPlainSocketImpl.java:458)
	at java.base/java.net.ServerSocket.implAccept(ServerSocket.java:565)
	at java.base/java.net.ServerSocket.accept(ServerSocket.java:533)
	at com.intellij.openapi.externalSystem.service.execution.ForkedDebuggerThread.run(ForkedDebuggerThread.java:102)
2020-04-17 00:55:52,966 [331358497]   WARN - .ExternalSystemTaskDebugRunner - Socket closed 
java.net.SocketException: Socket closed
	at java.base/java.net.PlainSocketImpl.socketAccept(Native Method)
	at java.base/java.net.AbstractPlainSocketImpl.accept(AbstractPlainSocketImpl.java:458)
	at java.base/java.net.ServerSocket.implAccept(ServerSocket.java:565)
	at java.base/java.net.ServerSocket.accept(ServerSocket.java:533)
	at com.intellij.openapi.externalSystem.service.execution.ForkedDebuggerThread.run(ForkedDebuggerThread.java:102)
2020-04-17 01:01:33,423 [331698954]   WARN - .ExternalSystemTaskDebugRunner - Socket closed 
java.net.SocketException: Socket closed
	at java.base/java.net.PlainSocketImpl.socketAccept(Native Method)
	at java.base/java.net.AbstractPlainSocketImpl.accept(AbstractPlainSocketImpl.java:458)
	at java.base/java.net.ServerSocket.implAccept(ServerSocket.java:565)
	at java.base/java.net.ServerSocket.accept(ServerSocket.java:533)
	at com.intellij.openapi.externalSystem.service.execution.ForkedDebuggerThread.run(ForkedDebuggerThread.java:102)
2020-04-17 01:02:21,110 [331746641]   WARN - .ExternalSystemTaskDebugRunner - Socket closed 
java.net.SocketException: Socket closed
	at java.base/java.net.PlainSocketImpl.socketAccept(Native Method)
	at java.base/java.net.AbstractPlainSocketImpl.accept(AbstractPlainSocketImpl.java:458)
	at java.base/java.net.ServerSocket.implAccept(ServerSocket.java:565)
	at java.base/java.net.ServerSocket.accept(ServerSocket.java:533)
	at com.intellij.openapi.externalSystem.service.execution.ForkedDebuggerThread.run(ForkedDebuggerThread.java:102)
2020-04-17 01:21:54,227 [332919758]   WARN - .ExternalSystemTaskDebugRunner - Socket closed 
java.net.SocketException: Socket closed
	at java.base/java.net.PlainSocketImpl.socketAccept(Native Method)
	at java.base/java.net.AbstractPlainSocketImpl.accept(AbstractPlainSocketImpl.java:458)
	at java.base/java.net.ServerSocket.implAccept(ServerSocket.java:565)
	at java.base/java.net.ServerSocket.accept(ServerSocket.java:533)
	at com.intellij.openapi.externalSystem.service.execution.ForkedDebuggerThread.run(ForkedDebuggerThread.java:102)
2020-04-17 01:43:22,468 [334207999]   WARN - .ExternalSystemTaskDebugRunner - Socket closed 
java.net.SocketException: Socket closed
	at java.base/java.net.PlainSocketImpl.socketAccept(Native Method)
	at java.base/java.net.AbstractPlainSocketImpl.accept(AbstractPlainSocketImpl.java:458)
	at java.base/java.net.ServerSocket.implAccept(ServerSocket.java:565)
	at java.base/java.net.ServerSocket.accept(ServerSocket.java:533)
	at com.intellij.openapi.externalSystem.service.execution.ForkedDebuggerThread.run(ForkedDebuggerThread.java:102)
2020-04-17 01:46:06,762 [334372293]   WARN - .ExternalSystemTaskDebugRunner - Socket closed 
java.net.SocketException: Socket closed
	at java.base/java.net.PlainSocketImpl.socketAccept(Native Method)
	at java.base/java.net.AbstractPlainSocketImpl.accept(AbstractPlainSocketImpl.java:458)
	at java.base/java.net.ServerSocket.implAccept(ServerSocket.java:565)
	at java.base/java.net.ServerSocket.accept(ServerSocket.java:533)
	at com.intellij.openapi.externalSystem.service.execution.ForkedDebuggerThread.run(ForkedDebuggerThread.java:102)
2020-04-17 01:57:26,389 [335051920]   WARN - .ExternalSystemTaskDebugRunner - Socket closed 
java.net.SocketException: Socket closed
	at java.base/java.net.PlainSocketImpl.socketAccept(Native Method)
	at java.base/java.net.AbstractPlainSocketImpl.accept(AbstractPlainSocketImpl.java:458)
	at java.base/java.net.ServerSocket.implAccept(ServerSocket.java:565)
	at java.base/java.net.ServerSocket.accept(ServerSocket.java:533)
	at com.intellij.openapi.externalSystem.service.execution.ForkedDebuggerThread.run(ForkedDebuggerThread.java:102)
2020-04-17 02:09:56,559 [335802090]   WARN - .ExternalSystemTaskDebugRunner - Socket closed 
java.net.SocketException: Socket closed
	at java.base/java.net.PlainSocketImpl.socketAccept(Native Method)
	at java.base/java.net.AbstractPlainSocketImpl.accept(AbstractPlainSocketImpl.java:458)
	at java.base/java.net.ServerSocket.implAccept(ServerSocket.java:565)
	at java.base/java.net.ServerSocket.accept(ServerSocket.java:533)
	at com.intellij.openapi.externalSystem.service.execution.ForkedDebuggerThread.run(ForkedDebuggerThread.java:102)
2020-04-17 02:11:45,990 [335911521]   WARN - ntellij.ui.popup.AbstractPopup - huge popup requested: 7002 x 28 
2020-04-17 02:11:46,009 [335911540]   WARN - ntellij.ui.popup.AbstractPopup - huge popup requested: 7002 x 28 
2020-04-17 02:12:39,508 [335965039]   WARN - ntellij.ui.popup.AbstractPopup - huge popup requested: 7002 x 28 
2020-04-17 02:13:46,096 [336031627]   WARN - ntellij.ui.popup.AbstractPopup - huge popup requested: 8063 x 28 
2020-04-17 02:15:17,142 [336122673]   WARN - .ExternalSystemTaskDebugRunner - Socket closed 
java.net.SocketException: Socket closed
	at java.base/java.net.PlainSocketImpl.socketAccept(Native Method)
	at java.base/java.net.AbstractPlainSocketImpl.accept(AbstractPlainSocketImpl.java:458)
	at java.base/java.net.ServerSocket.implAccept(ServerSocket.java:565)
	at java.base/java.net.ServerSocket.accept(ServerSocket.java:533)
	at com.intellij.openapi.externalSystem.service.execution.ForkedDebuggerThread.run(ForkedDebuggerThread.java:102)
2020-04-17 02:21:23,790 [336489321]   WARN - ntellij.ui.popup.AbstractPopup - huge popup requested: 8076 x 28 
2020-04-17 02:21:25,957 [336491488]   WARN - ntellij.ui.popup.AbstractPopup - huge popup requested: 8076 x 28 
2020-04-17 02:21:25,971 [336491502]   WARN - ntellij.ui.popup.AbstractPopup - huge popup requested: 8076 x 28 
2020-04-17 02:22:07,152 [336532683]   WARN - ntellij.ui.popup.AbstractPopup - huge popup requested: 8076 x 28 
2020-04-17 02:22:07,160 [336532691]   WARN - ntellij.ui.popup.AbstractPopup - huge popup requested: 8076 x 28 
2020-04-17 02:22:31,850 [336557381]   WARN - ntellij.ui.popup.AbstractPopup - huge popup requested: 8076 x 28 
2020-04-17 02:22:31,878 [336557409]   WARN - ntellij.ui.popup.AbstractPopup - huge popup requested: 8076 x 28 
2020-04-17 02:23:03,001 [336588532]   WARN - ntellij.ui.popup.AbstractPopup - huge popup requested: 8076 x 28 
2020-04-17 02:23:03,018 [336588549]   WARN - ntellij.ui.popup.AbstractPopup - huge popup requested: 8076 x 28 
2020-04-17 02:23:47,313 [336632844]   WARN - ntellij.ui.popup.AbstractPopup - huge popup requested: 8076 x 28 
2020-04-17 02:33:10,326 [337195857]   WARN - .ExternalSystemTaskDebugRunner - Socket closed 
java.net.SocketException: Socket closed
	at java.base/java.net.PlainSocketImpl.socketAccept(Native Method)
	at java.base/java.net.AbstractPlainSocketImpl.accept(AbstractPlainSocketImpl.java:458)
	at java.base/java.net.ServerSocket.implAccept(ServerSocket.java:565)
	at java.base/java.net.ServerSocket.accept(ServerSocket.java:533)
	at com.intellij.openapi.externalSystem.service.execution.ForkedDebuggerThread.run(ForkedDebuggerThread.java:102)
2020-04-17 02:50:56,417 [338261948]   WARN - .ExternalSystemTaskDebugRunner - Socket closed 
java.net.SocketException: Socket closed
	at java.base/java.net.PlainSocketImpl.socketAccept(Native Method)
	at java.base/java.net.AbstractPlainSocketImpl.accept(AbstractPlainSocketImpl.java:458)
	at java.base/java.net.ServerSocket.implAccept(ServerSocket.java:565)
	at java.base/java.net.ServerSocket.accept(ServerSocket.java:533)
	at com.intellij.openapi.externalSystem.service.execution.ForkedDebuggerThread.run(ForkedDebuggerThread.java:102)
2020-04-17 03:03:49,275 [339034806]   WARN - .ExternalSystemTaskDebugRunner - Socket closed 
java.net.SocketException: Socket closed
	at java.base/java.net.PlainSocketImpl.socketAccept(Native Method)
	at java.base/java.net.AbstractPlainSocketImpl.accept(AbstractPlainSocketImpl.java:458)
	at java.base/java.net.ServerSocket.implAccept(ServerSocket.java:565)
	at java.base/java.net.ServerSocket.accept(ServerSocket.java:533)
	at com.intellij.openapi.externalSystem.service.execution.ForkedDebuggerThread.run(ForkedDebuggerThread.java:102)
2020-04-17 03:06:29,319 [339194850]   WARN - ntellij.ui.popup.AbstractPopup - huge popup requested: 8443 x 28 
2020-04-17 03:06:54,654 [339220185]   WARN - ntellij.ui.popup.AbstractPopup - huge popup requested: 8443 x 28 
2020-04-17 08:48:25,002 [359710533]   WARN - llij.ide.plugins.PluginManager - Plugin "IDE Features Trainer" is incompatible (since build 201.6668 > IC-193.6911.18) 
2020-04-17 08:48:25,008 [359710539]   WARN - llij.ide.plugins.PluginManager - Plugin "Lombok" is incompatible (since build 201.6668 > IC-193.6911.18) 
2020-04-17 08:48:25,009 [359710540]   WARN - llij.ide.plugins.PluginManager - Plugin "Scala" is incompatible (since build 201.2837 > IC-193.6911.18) 
2020-04-17 08:48:25,009 [359710540]   WARN - llij.ide.plugins.PluginManager - Plugin "Kotlin" is incompatible (since build 201.6487 > IC-193.6911.18) 
2020-04-17 08:48:25,009 [359710540]   WARN - llij.ide.plugins.PluginManager - Plugin "Error Prone Compiler" is incompatible (since build 201.6668 > IC-193.6911.18) 
2020-04-17 08:48:25,011 [359710542]   WARN - llij.ide.plugins.PluginManager - Plugin "Gradle Dependencies Helper" is incompatible (since build 201.0 > IC-193.6911.18) 
2020-04-17 10:39:40,908 [366386439]   WARN - .ExternalSystemTaskDebugRunner - Socket closed 
java.net.SocketException: Socket closed
	at java.base/java.net.PlainSocketImpl.socketAccept(Native Method)
	at java.base/java.net.AbstractPlainSocketImpl.accept(AbstractPlainSocketImpl.java:458)
	at java.base/java.net.ServerSocket.implAccept(ServerSocket.java:565)
	at java.base/java.net.ServerSocket.accept(ServerSocket.java:533)
	at com.intellij.openapi.externalSystem.service.execution.ForkedDebuggerThread.run(ForkedDebuggerThread.java:102)
2020-04-17 11:26:55,289 [369220820]   WARN - .ExternalSystemTaskDebugRunner - Socket closed 
java.net.SocketException: Socket closed
	at java.base/java.net.PlainSocketImpl.socketAccept(Native Method)
	at java.base/java.net.AbstractPlainSocketImpl.accept(AbstractPlainSocketImpl.java:458)
	at java.base/java.net.ServerSocket.implAccept(ServerSocket.java:565)
	at java.base/java.net.ServerSocket.accept(ServerSocket.java:533)
	at com.intellij.openapi.externalSystem.service.execution.ForkedDebuggerThread.run(ForkedDebuggerThread.java:102)
2020-04-17 11:27:54,936 [369280467]   WARN - .ExternalSystemTaskDebugRunner - Socket closed 
java.net.SocketException: Socket closed
	at java.base/java.net.PlainSocketImpl.socketAccept(Native Method)
	at java.base/java.net.AbstractPlainSocketImpl.accept(AbstractPlainSocketImpl.java:458)
	at java.base/java.net.ServerSocket.implAccept(ServerSocket.java:565)
	at java.base/java.net.ServerSocket.accept(ServerSocket.java:533)
	at com.intellij.openapi.externalSystem.service.execution.ForkedDebuggerThread.run(ForkedDebuggerThread.java:102)
2020-04-17 15:42:08,983 [384534514]   WARN - .ExternalSystemTaskDebugRunner - Socket closed 
java.net.SocketException: Socket closed
	at java.base/java.net.PlainSocketImpl.socketAccept(Native Method)
	at java.base/java.net.AbstractPlainSocketImpl.accept(AbstractPlainSocketImpl.java:458)
	at java.base/java.net.ServerSocket.implAccept(ServerSocket.java:565)
	at java.base/java.net.ServerSocket.accept(ServerSocket.java:533)
	at com.intellij.openapi.externalSystem.service.execution.ForkedDebuggerThread.run(ForkedDebuggerThread.java:102)
OpenJDK 64-Bit Server VM warning: Option UseConcMarkSweepGC was deprecated in version 9.0 and will likely be removed in a future release.
2020-05-06 18:43:41,651 [   2353]   WARN - llij.ide.plugins.PluginManager - Problems found loading plugins:
  The XSLT Debugger (id=XSLT-Debugger, path=~/dev/java/tools/idea-IC-183.5429.30/plugins/xslt-debugger) plugin Non-optional dependency plugin XPathView is disabled 
2020-05-06 18:43:56,406 [  17108]   WARN - ge.ExternalProjectsDataStorage - Cannot find class `org.jetbrains.plugins.gradle.model.data.AnnotationProcessingData$AnnotationProcessorOutput` 
2020-05-06 18:43:56,501 [  17203]   WARN - ge.ExternalProjectsDataStorage - Cannot find class `org.jetbrains.plugins.gradle.model.data.AnnotationProcessingData$AnnotationProcessorOutput` 
2020-05-06 18:43:57,106 [  17808]   WARN - openapi.wm.impl.ToolWindowImpl - ToolWindow icons should be 13x13. Please fix ToolWindow (ID:  Problems View) or icon jar:file:/home/jan/dev/java/tools/idea-IC-183.5429.30/lib/icons.jar!/general/warning.svg 
2020-05-06 18:43:59,631 [  20333]   WARN - a.repo.GitUntrackedFilesHolder - Ignoring untracked file under another root: /home/jan/dev/java/projects/jyskit/escapegames/escaperoom2go/bulmatest2/node_modules/engine.io/node_modules/ws/lib/.DS_Store; root: file:///home/jan/dev/java/projects/jyskit/escapegames/escaperoom2go; mapped root: null 
2020-05-06 18:43:59,750 [  20452]   WARN - a.repo.GitUntrackedFilesHolder - Ignoring untracked file under another root: /home/jan/dev/java/projects/jyskit/escapegames/escaperoom2go/bulmatest2/node_modules/bulma/sass/.DS_Store; root: file:///home/jan/dev/java/projects/jyskit/escapegames/escaperoom2go; mapped root: null 
2020-05-06 18:43:59,981 [  20683]   WARN - a.repo.GitUntrackedFilesHolder - Ignoring untracked file under another root: /home/jan/dev/java/projects/jyskit/escapegames/escaperoom2go/prototype/node_modules/file-server/node_modules/micromatch/lib/.DS_Store; root: file:///home/jan/dev/java/projects/jyskit/escapegames/escaperoom2go; mapped root: null 
2020-05-06 18:43:59,991 [  20693]   WARN - a.repo.GitUntrackedFilesHolder - Ignoring untracked file under another root: /home/jan/dev/java/projects/jyskit/escapegames/escaperoom2go/bulmatest/node_modules/extglob/lib/.DS_Store; root: file:///home/jan/dev/java/projects/jyskit/escapegames/escaperoom2go; mapped root: null 
2020-05-06 18:44:00,494 [  21196]   WARN - a.repo.GitUntrackedFilesHolder - Ignoring untracked file under another root: /home/jan/dev/java/projects/jyskit/escapegames/escaperoom2go/bulmatest/node_modules/node-sass/src/.DS_Store; root: file:///home/jan/dev/java/projects/jyskit/escapegames/escaperoom2go; mapped root: null 
2020-05-06 18:44:00,550 [  21252]   WARN - a.repo.GitUntrackedFilesHolder - Ignoring untracked file under another root: /home/jan/dev/java/projects/jyskit/escapegames/escaperoom2go/bulmatest2/node_modules/console-control-strings/README.md~; root: file:///home/jan/dev/java/projects/jyskit/escapegames/escaperoom2go; mapped root: null 
2020-05-06 18:44:00,776 [  21478]   WARN - a.repo.GitUntrackedFilesHolder - Ignoring untracked file under another root: /home/jan/dev/java/projects/jyskit/escapegames/escaperoom2go/prototype/node_modules/extglob/lib/.DS_Store; root: file:///home/jan/dev/java/projects/jyskit/escapegames/escaperoom2go; mapped root: null 
2020-05-06 18:44:00,818 [  21520]   WARN - a.repo.GitUntrackedFilesHolder - Ignoring untracked file under another root: /home/jan/dev/java/projects/jyskit/escapegames/escaperoom2go/bulmatest/node_modules/micromatch/lib/.DS_Store; root: file:///home/jan/dev/java/projects/jyskit/escapegames/escaperoom2go; mapped root: null 
2020-05-06 18:44:00,907 [  21609]   WARN - a.repo.GitUntrackedFilesHolder - Ignoring untracked file under another root: /home/jan/dev/java/projects/jyskit/escapegames/escaperoom2go/bulmatest/node_modules/bulma/sass/.DS_Store; root: file:///home/jan/dev/java/projects/jyskit/escapegames/escaperoom2go; mapped root: null 
2020-05-06 18:44:00,909 [  21611]   WARN - a.repo.GitUntrackedFilesHolder - Ignoring untracked file under another root: /home/jan/dev/java/projects/jyskit/escapegames/escaperoom2go/bulmatest2/node_modules/node-sass/src/.DS_Store; root: file:///home/jan/dev/java/projects/jyskit/escapegames/escaperoom2go; mapped root: null 
2020-05-06 18:44:00,914 [  21616]   WARN - a.repo.GitUntrackedFilesHolder - Ignoring untracked file under another root: /home/jan/dev/java/projects/jyskit/escapegames/escaperoom2go/bulmatest2/node_modules/bulma/sass/utilities/.DS_Store; root: file:///home/jan/dev/java/projects/jyskit/escapegames/escaperoom2go; mapped root: null 
2020-05-06 18:44:00,917 [  21619]   WARN - a.repo.GitUntrackedFilesHolder - Ignoring untracked file under another root: /home/jan/dev/java/projects/jyskit/escapegames/escaperoom2go/bulmatest2/node_modules/micromatch/lib/.DS_Store; root: file:///home/jan/dev/java/projects/jyskit/escapegames/escaperoom2go; mapped root: null 
2020-05-06 18:44:00,927 [  21629]   WARN - a.repo.GitUntrackedFilesHolder - Ignoring untracked file under another root: /home/jan/dev/java/projects/jyskit/escapegames/escaperoom2go/bulmatest/node_modules/bulma/sass/utilities/.DS_Store; root: file:///home/jan/dev/java/projects/jyskit/escapegames/escaperoom2go; mapped root: null 
2020-05-06 18:44:00,953 [  21655]   WARN - a.repo.GitUntrackedFilesHolder - Ignoring untracked file under another root: /home/jan/dev/java/projects/jyskit/escapegames/escaperoom2go/bulmatest/node_modules/console-control-strings/README.md~; root: file:///home/jan/dev/java/projects/jyskit/escapegames/escaperoom2go; mapped root: null 
2020-05-06 18:44:00,988 [  21690]   WARN - a.repo.GitUntrackedFilesHolder - Ignoring untracked file under another root: /home/jan/dev/java/projects/jyskit/escapegames/escaperoom2go/bulmatest/node_modules/socket.io/node_modules/ws/lib/.DS_Store; root: file:///home/jan/dev/java/projects/jyskit/escapegames/escaperoom2go; mapped root: null 
2020-05-06 18:44:00,993 [  21695]   WARN - a.repo.GitUntrackedFilesHolder - Ignoring untracked file under another root: /home/jan/dev/java/projects/jyskit/escapegames/escaperoom2go/bulmatest2/node_modules/extglob/lib/.DS_Store; root: file:///home/jan/dev/java/projects/jyskit/escapegames/escaperoom2go; mapped root: null 
2020-05-06 18:44:01,105 [  21807]   WARN - a.repo.GitUntrackedFilesHolder - Ignoring untracked file under another root: /home/jan/dev/java/projects/jyskit/escapegames/escaperoom2go/bulmatest2/node_modules/socket.io/node_modules/ws/lib/.DS_Store; root: file:///home/jan/dev/java/projects/jyskit/escapegames/escaperoom2go; mapped root: null 
2020-05-06 18:44:01,283 [  21985]   WARN - a.repo.GitUntrackedFilesHolder - Ignoring untracked file under another root: /home/jan/dev/java/projects/jyskit/escapegames/escaperoom2go/bulmatest2/src/scss/sass/utilities/.DS_Store; root: file:///home/jan/dev/java/projects/jyskit/escapegames/escaperoom2go; mapped root: null 
2020-05-06 18:44:01,325 [  22027]   WARN - a.repo.GitUntrackedFilesHolder - Ignoring untracked file under another root: /home/jan/dev/java/projects/jyskit/escapegames/escaperoom2go/bulmatest2/src/scss/sass/.DS_Store; root: file:///home/jan/dev/java/projects/jyskit/escapegames/escaperoom2go; mapped root: null 
2020-05-06 18:44:01,470 [  22172]   WARN - a.repo.GitUntrackedFilesHolder - Ignoring untracked file under another root: /home/jan/dev/java/projects/jyskit/escapegames/escaperoom2go/bulmatest/node_modules/engine.io/node_modules/ws/lib/.DS_Store; root: file:///home/jan/dev/java/projects/jyskit/escapegames/escaperoom2go; mapped root: null 
2020-05-06 18:44:30,426 [  51128]   WARN - ge.ExternalProjectsDataStorage - Cannot find class `org.jetbrains.plugins.gradle.model.data.AnnotationProcessingData$AnnotationProcessorOutput` 
2020-05-06 18:44:30,605 [  51307]   WARN - openapi.wm.impl.ToolWindowImpl - ToolWindow icons should be 13x13. Please fix ToolWindow (ID:  Problems View) or icon jar:file:/home/jan/dev/java/tools/idea-IC-183.5429.30/lib/icons.jar!/general/warning.svg 
2020-05-06 18:44:30,720 [  51422]   WARN - ge.ExternalProjectsDataStorage - Cannot find class `org.jetbrains.plugins.gradle.model.data.AnnotationProcessingData$AnnotationProcessorOutput` 
2020-05-06 18:44:30,853 [  51555]   WARN - ge.ExternalProjectsDataStorage - Cannot find class `org.jetbrains.plugins.gradle.model.data.AnnotationProcessingData$AnnotationProcessorOutput` 
2020-05-06 18:44:34,567 [  55269]   WARN - Container.ComponentManagerImpl - Do not use constructor injection (requestorClass=de.plushnikov.intellij.plugin.processor.modifier.FieldDefaultsModifierProcessor) 
2020-05-06 18:44:34,570 [  55272]   WARN - Container.ComponentManagerImpl - Do not use constructor injection (requestorClass=de.plushnikov.intellij.plugin.lombokconfig.ConfigDiscovery) 
2020-05-06 18:44:53,241 [  73943]   WARN - Container.ComponentManagerImpl - Do not use constructor injection (requestorClass=de.plushnikov.intellij.plugin.provider.LombokProcessorProvider) 
2020-05-06 18:44:53,270 [  73972]   WARN - Container.ComponentManagerImpl - Do not use constructor injection (requestorClass=de.plushnikov.intellij.plugin.processor.clazz.DataProcessor) 
2020-05-06 18:44:53,273 [  73975]   WARN - Container.ComponentManagerImpl - Do not use constructor injection (requestorClass=de.plushnikov.intellij.plugin.processor.clazz.GetterProcessor) 
2020-05-06 18:44:53,275 [  73977]   WARN - Container.ComponentManagerImpl - Do not use constructor injection (requestorClass=de.plushnikov.intellij.plugin.processor.clazz.SetterProcessor) 
2020-05-06 18:44:53,280 [  73982]   WARN - Container.ComponentManagerImpl - Do not use constructor injection (requestorClass=de.plushnikov.intellij.plugin.processor.clazz.EqualsAndHashCodeProcessor) 
2020-05-06 18:44:53,282 [  73984]   WARN - Container.ComponentManagerImpl - Do not use constructor injection (requestorClass=de.plushnikov.intellij.plugin.processor.clazz.ToStringProcessor) 
2020-05-06 18:44:53,284 [  73986]   WARN - Container.ComponentManagerImpl - Do not use constructor injection (requestorClass=de.plushnikov.intellij.plugin.processor.clazz.WitherProcessor) 
2020-05-06 18:44:53,285 [  73987]   WARN - Container.ComponentManagerImpl - Do not use constructor injection (requestorClass=de.plushnikov.intellij.plugin.processor.field.WitherFieldProcessor) 
2020-05-06 18:44:53,290 [  73992]   WARN - Container.ComponentManagerImpl - Do not use constructor injection (requestorClass=de.plushnikov.intellij.plugin.processor.clazz.builder.BuilderPreDefinedInnerClassFieldProcessor) 
2020-05-06 18:44:53,292 [  73994]   WARN - Container.ComponentManagerImpl - Do not use constructor injection (requestorClass=de.plushnikov.intellij.plugin.processor.handler.BuilderHandler) 
2020-05-06 18:44:53,293 [  73995]   WARN - Container.ComponentManagerImpl - Do not use constructor injection (requestorClass=de.plushnikov.intellij.plugin.processor.clazz.builder.BuilderPreDefinedInnerClassMethodProcessor) 
2020-05-06 18:44:53,297 [  73999]   WARN - Container.ComponentManagerImpl - Do not use constructor injection (requestorClass=de.plushnikov.intellij.plugin.processor.clazz.builder.BuilderClassProcessor) 
2020-05-06 18:44:53,299 [  74001]   WARN - Container.ComponentManagerImpl - Do not use constructor injection (requestorClass=de.plushnikov.intellij.plugin.processor.clazz.builder.BuilderProcessor) 
2020-05-06 18:44:53,300 [  74002]   WARN - Container.ComponentManagerImpl - Do not use constructor injection (requestorClass=de.plushnikov.intellij.plugin.processor.method.BuilderClassMethodProcessor) 
2020-05-06 18:44:53,301 [  74003]   WARN - Container.ComponentManagerImpl - Do not use constructor injection (requestorClass=de.plushnikov.intellij.plugin.processor.method.BuilderMethodProcessor) 
2020-05-06 18:44:53,305 [  74007]   WARN - Container.ComponentManagerImpl - Do not use constructor injection (requestorClass=de.plushnikov.intellij.plugin.processor.clazz.builder.SuperBuilderPreDefinedInnerClassFieldProcessor) 
2020-05-06 18:44:53,307 [  74009]   WARN - Container.ComponentManagerImpl - Do not use constructor injection (requestorClass=de.plushnikov.intellij.plugin.processor.handler.SuperBuilderHandler) 
2020-05-06 18:44:53,308 [  74010]   WARN - Container.ComponentManagerImpl - Do not use constructor injection (requestorClass=de.plushnikov.intellij.plugin.processor.clazz.builder.SuperBuilderPreDefinedInnerClassMethodProcessor) 
2020-05-06 18:44:53,310 [  74012]   WARN - Container.ComponentManagerImpl - Do not use constructor injection (requestorClass=de.plushnikov.intellij.plugin.processor.clazz.builder.SuperBuilderClassProcessor) 
2020-05-06 18:44:53,311 [  74013]   WARN - Container.ComponentManagerImpl - Do not use constructor injection (requestorClass=de.plushnikov.intellij.plugin.processor.clazz.builder.SuperBuilderProcessor) 
2020-05-06 18:44:53,313 [  74015]   WARN - Container.ComponentManagerImpl - Do not use constructor injection (requestorClass=de.plushnikov.intellij.plugin.processor.clazz.ValueProcessor) 
2020-05-06 18:44:53,315 [  74017]   WARN - Container.ComponentManagerImpl - Do not use constructor injection (requestorClass=de.plushnikov.intellij.plugin.processor.clazz.fieldnameconstants.FieldNameConstantsOldProcessor) 
2020-05-06 18:44:53,320 [  74022]   WARN - Container.ComponentManagerImpl - Do not use constructor injection (requestorClass=de.plushnikov.intellij.plugin.processor.field.DelegateFieldProcessor) 
2020-05-06 18:44:53,322 [  74024]   WARN - Container.ComponentManagerImpl - Do not use constructor injection (requestorClass=de.plushnikov.intellij.plugin.processor.method.DelegateMethodProcessor) 
2020-05-06 18:46:26,419 [ 167121]   WARN - .ExternalSystemTaskDebugRunner - Socket closed 
java.net.SocketException: Socket closed
	at java.base/java.net.PlainSocketImpl.socketAccept(Native Method)
	at java.base/java.net.AbstractPlainSocketImpl.accept(AbstractPlainSocketImpl.java:458)
	at java.base/java.net.ServerSocket.implAccept(ServerSocket.java:565)
	at java.base/java.net.ServerSocket.accept(ServerSocket.java:533)
	at com.intellij.openapi.externalSystem.service.execution.ForkedDebuggerThread.run(ForkedDebuggerThread.java:102)
2020-05-06 18:59:11,511 [ 932213]   WARN - ntellij.ui.popup.AbstractPopup - popup preferred size is bigger than screen: 4740x28
    com.intellij.ui.popup.AbstractPopup$MyContentPanel
      com.intellij.ui.components.panels.OpaquePanel
        com.intellij.codeInsight.hint.HintUtil$HintLabel
          com.intellij.ui.SimpleColoredComponent
      javax.swing.JPanel
        com.intellij.ui.CaptionPanel 
2020-05-06 19:12:31,333 [1732035]   WARN - penapi.wm.impl.GlobalMenuLinux - can't obtain XID of window: com.intellij.openapi.ui.FrameWrapper$MyJFrame[frame0,99,100,2362x1212,invalid,hidden,layout=java.awt.BorderLayout,title=/home/jan/dev/java/projects/jyskit/tdc/salescloud-oneplus/salescloud-mobile/src/main/java/dk/jyskit/salescloud/application/pages/contractsummary/CdmOutputReport.java,resizable,normal,defaultCloseOperation=DO_NOTHING_ON_CLOSE,rootPane=,rootPaneCheckingEnabled=true], skip global menu unbinding 
2020-05-06 21:23:00,006 [9560708]   WARN - .ExternalSystemTaskDebugRunner - Socket closed 
java.net.SocketException: Socket closed
	at java.base/java.net.PlainSocketImpl.socketAccept(Native Method)
	at java.base/java.net.AbstractPlainSocketImpl.accept(AbstractPlainSocketImpl.java:458)
	at java.base/java.net.ServerSocket.implAccept(ServerSocket.java:565)
	at java.base/java.net.ServerSocket.accept(ServerSocket.java:533)
	at com.intellij.openapi.externalSystem.service.execution.ForkedDebuggerThread.run(ForkedDebuggerThread.java:102)
2020-05-06 21:23:02,798 [9563500]  ERROR - pplication.impl.LaterInvocator - Editor of class com.intellij.openapi.editor.impl.EditorImpl hasn't been released: 
com.intellij.openapi.util.TraceableDisposable.ObjectNotDisposedException: See stack trace responsible for creation of unreleased object below 
	at com.intellij.openapi.editor.impl.EditorImpl.<init>(EditorImpl.java:147)
	at com.intellij.openapi.editor.impl.EditorFactoryImpl.createEditor(EditorFactoryImpl.java:201)
	at com.intellij.openapi.editor.impl.EditorFactoryImpl.createEditor(EditorFactoryImpl.java:146)
	at com.intellij.lang.properties.editor.ResourceBundleEditor.createEditor(ResourceBundleEditor.java:826)
	at com.intellij.lang.properties.editor.ResourceBundleEditor.recreateEditorsPanel(ResourceBundleEditor.java:393)
	at com.intellij.lang.properties.editor.ResourceBundleEditor.<init>(ResourceBundleEditor.java:190)
	at com.intellij.lang.properties.editor.ResourceBundleEditorProvider.createEditor(ResourceBundleEditorProvider.java:53)
	at com.intellij.openapi.fileEditor.impl.FileEditorManagerImpl.openFileImpl4Edt(FileEditorManagerImpl.java:826)
	at com.intellij.openapi.fileEditor.impl.FileEditorManagerImpl.lambda$null$8(FileEditorManagerImpl.java:796)
	at com.intellij.openapi.fileEditor.impl.FileEditorManagerImpl.runBulkTabChange(FileEditorManagerImpl.java:1635)
	at com.intellij.openapi.fileEditor.impl.FileEditorManagerImpl.lambda$openFileImpl4$9(FileEditorManagerImpl.java:795)
	at com.intellij.openapi.application.TransactionGuardImpl$2.run(TransactionGuardImpl.java:201)
	at com.intellij.openapi.application.impl.ApplicationImpl.runIntendedWriteActionOnCurrentThread(ApplicationImpl.java:831)
	at com.intellij.openapi.application.impl.ApplicationImpl.lambda$invokeAndWait$8(ApplicationImpl.java:480)
	at com.intellij.openapi.application.impl.LaterInvocator$1.run(LaterInvocator.java:124)
	at com.intellij.openapi.application.impl.FlushQueue.doRun(FlushQueue.java:80)
	at com.intellij.openapi.application.impl.FlushQueue.runNextEvent(FlushQueue.java:128)
	at com.intellij.openapi.application.impl.FlushQueue.flushNow(FlushQueue.java:46)
	at com.intellij.openapi.application.impl.FlushQueue$FlushNow.run(FlushQueue.java:184)
	at java.desktop/java.awt.event.InvocationEvent.dispatch(InvocationEvent.java:313)
	at java.desktop/java.awt.EventQueue.dispatchEventImpl(EventQueue.java:776)
	at java.desktop/java.awt.EventQueue$4.run(EventQueue.java:727)
	at java.desktop/java.awt.EventQueue$4.run(EventQueue.java:721)
	at java.base/java.security.AccessController.doPrivileged(Native Method)
	at java.base/java.security.ProtectionDomain$JavaSecurityAccessImpl.doIntersectionPrivilege(ProtectionDomain.java:85)
	at java.desktop/java.awt.EventQueue.dispatchEvent(EventQueue.java:746)
	at com.intellij.ide.IdeEventQueue.defaultDispatchEvent(IdeEventQueue.java:974)
	at com.intellij.ide.IdeEventQueue._dispatchEvent(IdeEventQueue.java:847)
	at com.intellij.ide.IdeEventQueue.lambda$null$8(IdeEventQueue.java:449)
	at com.intellij.openapi.progress.impl.CoreProgressManager.computePrioritized(CoreProgressManager.java:730)
	at com.intellij.ide.IdeEventQueue.lambda$dispatchEvent$9(IdeEventQueue.java:448)
	at com.intellij.openapi.application.impl.ApplicationImpl.runIntendedWriteActionOnCurrentThread(ApplicationImpl.java:831)
	at com.intellij.ide.IdeEventQueue.dispatchEvent(IdeEventQueue.java:496)
	at com.intellij.ide.IdeEventQueue.pumpEventsForHierarchy(IdeEventQueue.java:1030)
	at com.intellij.openapi.progress.util.ProgressWindow.pumpEventsForHierarchy(ProgressWindow.java:199)
	at com.intellij.openapi.progress.util.ProgressWindow.lambda$startBlocking$3(ProgressWindow.java:189)
	at com.intellij.openapi.application.impl.ApplicationImpl.runUnlockingIntendedWrite(ApplicationImpl.java:857)
	at com.intellij.openapi.progress.util.ProgressWindow.startBlocking(ProgressWindow.java:188)
	at com.intellij.openapi.progress.impl.ProgressRunner.lambda$legacyExec$6(ProgressRunner.java:302)
	at java.base/java.util.concurrent.CompletableFuture.uniAcceptNow(CompletableFuture.java:753)
	at java.base/java.util.concurrent.CompletableFuture.uniAcceptStage(CompletableFuture.java:731)
	at java.base/java.util.concurrent.CompletableFuture.thenAccept(CompletableFuture.java:2108)
	at com.intellij.openapi.progress.impl.ProgressRunner.legacyExec(ProgressRunner.java:300)
	at com.intellij.openapi.progress.impl.ProgressRunner.submit(ProgressRunner.java:248)
	at com.intellij.openapi.progress.impl.ProgressRunner.submitAndGet(ProgressRunner.java:169)
	at com.intellij.openapi.application.impl.ApplicationImpl.runProcessWithProgressSynchronously(ApplicationImpl.java:426)
	at com.intellij.openapi.progress.impl.CoreProgressManager.runProcessWithProgressSynchronously(CoreProgressManager.java:494)
	at com.intellij.openapi.progress.impl.ProgressManagerImpl.runProcessWithProgressSynchronously(ProgressManagerImpl.java:84)
	at com.intellij.platform.ProjectUiFrameAllocator$run$1.run(ProjectFrameAllocator.kt:98)
	at com.intellij.openapi.application.impl.ApplicationImpl.invokeAndWait(ApplicationImpl.java:467)
	at com.intellij.openapi.application.impl.ApplicationImpl.invokeAndWait(ApplicationImpl.java:485)
	at com.intellij.platform.ProjectUiFrameAllocator.run(ProjectFrameAllocator.kt:69)
	at com.intellij.platform.PlatformProjectOpenProcessor$Companion.openExistingProject(PlatformProjectOpenProcessor.kt:183)
	at com.intellij.ide.RecentProjectsManagerBase.openProject(RecentProjectsManagerBase.kt:304)
	at com.intellij.ide.ReopenProjectAction.actionPerformed(ReopenProjectAction.java:62)
	at com.intellij.openapi.actionSystem.ex.ActionUtil.performActionDumbAware(ActionUtil.java:280)
	at com.intellij.openapi.actionSystem.impl.ActionMenuItem$ActionTransmitter.lambda$actionPerformed$0(ActionMenuItem.java:296)
	at com.intellij.openapi.wm.impl.FocusManagerImpl.runOnOwnContext(FocusManagerImpl.java:281)
	at com.intellij.openapi.wm.impl.IdeFocusManagerImpl.runOnOwnContext(IdeFocusManagerImpl.java:77)
	at com.intellij.openapi.actionSystem.impl.ActionMenuItem$ActionTransmitter.actionPerformed(ActionMenuItem.java:285)
	at java.desktop/javax.swing.AbstractButton.fireActionPerformed(AbstractButton.java:1967)
	at com.intellij.openapi.actionSystem.impl.ActionMenuItem.lambda$fireActionPerformed$0(ActionMenuItem.java:112)
	at com.intellij.openapi.application.TransactionGuardImpl.performUserActivity(TransactionGuardImpl.java:94)
	at com.intellij.openapi.actionSystem.impl.ActionMenuItem.fireActionPerformed(ActionMenuItem.java:112)
	at com.intellij.ui.plaf.beg.BegMenuItemUI.doClick(BegMenuItemUI.java:517)
	at com.intellij.ui.plaf.beg.BegMenuItemUI.access$300(BegMenuItemUI.java:36)
	at com.intellij.ui.plaf.beg.BegMenuItemUI$MyMouseInputHandler.mouseReleased(BegMenuItemUI.java:539)
	at java.desktop/java.awt.Component.processMouseEvent(Component.java:6651)
	at java.desktop/javax.swing.JComponent.processMouseEvent(JComponent.java:3345)
	at java.desktop/java.awt.Component.processEvent(Component.java:6416)
	at java.desktop/java.awt.Container.processEvent(Container.java:2263)
	at java.desktop/java.awt.Component.dispatchEventImpl(Component.java:5026)
	at java.desktop/java.awt.Container.dispatchEventImpl(Container.java:2321)
	at java.desktop/java.awt.Component.dispatchEvent(Component.java:4858)
	at java.desktop/java.awt.LightweightDispatcher.retargetMouseEvent(Container.java:4918)
	at java.desktop/java.awt.LightweightDispatcher.processMouseEvent(Container.java:4547)
	at java.desktop/java.awt.LightweightDispatcher.dispatchEvent(Container.java:4488)
	at java.desktop/java.awt.Container.dispatchEventImpl(Container.java:2307)
	at java.desktop/java.awt.Window.dispatchEventImpl(Window.java:2773)
	at java.desktop/java.awt.Component.dispatchEvent(Component.java:4858)
	at java.desktop/java.awt.EventQueue.dispatchEventImpl(EventQueue.java:778)
	at java.desktop/java.awt.EventQueue$4.run(EventQueue.java:727)
	at java.desktop/java.awt.EventQueue$4.run(EventQueue.java:721)
	at java.base/java.security.AccessController.doPrivileged(Native Method)
	at java.base/java.security.ProtectionDomain$JavaSecurityAccessImpl.doIntersectionPrivilege(ProtectionDomain.java:85)
	at java.base/java.security.ProtectionDomain$JavaSecurityAccessImpl.doIntersectionPrivilege(ProtectionDomain.java:95)
	at java.desktop/java.awt.EventQueue$5.run(EventQueue.java:751)
	at java.desktop/java.awt.EventQueue$5.run(EventQueue.java:749)
	at java.base/java.security.AccessController.doPrivileged(Native Method)
	at java.base/java.security.ProtectionDomain$JavaSecurityAccessImpl.doIntersectionPrivilege(ProtectionDomain.java:85)
	at java.desktop/java.awt.EventQueue.dispatchEvent(EventQueue.java:748)
	at com.intellij.ide.IdeEventQueue.defaultDispatchEvent(IdeEventQueue.java:974)
	at com.intellij.ide.IdeEventQueue.dispatchMouseEvent(IdeEventQueue.java:912)
	at com.intellij.ide.IdeEventQueue._dispatchEvent(IdeEventQueue.java:844)
	at com.intellij.ide.IdeEventQueue.lambda$null$8(IdeEventQueue.java:449)
	at com.intellij.openapi.progress.impl.CoreProgressManager.computePrioritized(CoreProgressManager.java:741)
	at com.intellij.ide.IdeEventQueue.lambda$dispatchEvent$9(IdeEventQueue.java:448)
	at com.intellij.openapi.application.impl.ApplicationImpl.runIntendedWriteActionOnCurrentThread(ApplicationImpl.java:831)
	at com.intellij.ide.IdeEventQueue.dispatchEvent(IdeEventQueue.java:502)
	at java.desktop/java.awt.EventDispatchThread.pumpOneEventForFilters(EventDispatchThread.java:203)
	at java.desktop/java.awt.EventDispatchThread.pumpEventsForFilter(EventDispatchThread.java:124)
	at java.desktop/java.awt.EventDispatchThread.pumpEventsForHierarchy(EventDispatchThread.java:113)
	at java.desktop/java.awt.EventDispatchThread.pumpEvents(EventDispatchThread.java:109)
	at java.desktop/java.awt.EventDispatchThread.pumpEvents(EventDispatchThread.java:101)
	at java.desktop/java.awt.EventDispatchThread.run(EventDispatchThread.java:90)
2020-05-06 21:23:02,802 [9563504]  ERROR - pplication.impl.LaterInvocator - IntelliJ IDEA 2020.1.1  Build #IC-201.7223.91 
2020-05-06 21:23:02,802 [9563504]  ERROR - pplication.impl.LaterInvocator - JDK: 11.0.6; VM: OpenJDK 64-Bit Server VM; Vendor: JetBrains s.r.o 
2020-05-06 21:23:02,802 [9563504]  ERROR - pplication.impl.LaterInvocator - OS: Linux 
2020-05-06 21:23:03,189 [9563891]   WARN - openapi.wm.impl.ToolWindowImpl - ToolWindow icons should be 13x13. Please fix ToolWindow (ID:  Problems View) or icon jar:file:/home/jan/dev/java/tools/idea-IC-183.5429.30/lib/icons.jar!/general/warning.svg 
2020-05-06 21:23:16,919 [9577621]   WARN - Container.ComponentManagerImpl - Do not use constructor injection (requestorClass=de.plushnikov.intellij.plugin.provider.LombokProcessorProvider) 
2020-05-07 01:55:04,671 [25885373]   WARN - .diagnostic.PerformanceWatcher - UI was frozen for 23564ms, details saved to /home/jan/.cache/JetBrains/IdeaIC2020.1/log/threadDumps-freeze-20200507-015446-IC-201.7223.91-Unsafe.park-23sec 
2020-05-09 03:28:12,589 [204273291]   WARN - pl.local.NativeFileWatcherImpl - File watcher is still alive. Doing a force quit. 
OpenJDK 64-Bit Server VM warning: Option UseConcMarkSweepGC was deprecated in version 9.0 and will likely be removed in a future release.
Already running
OpenJDK 64-Bit Server VM warning: Option UseConcMarkSweepGC was deprecated in version 9.0 and will likely be removed in a future release.
2020-07-02 03:18:48,276 [   8020]   WARN - llij.ide.plugins.PluginManager - Problems found loading plugins:
  The XSLT Debugger (id=XSLT-Debugger, path=~/dev/java/tools/idea-IC-183.5429.30/plugins/xslt-debugger) plugin Non-optional dependency plugin XPathView is disabled 
2020-07-02 03:19:12,975 [  32719]   WARN - .diagnostic.PerformanceWatcher - UI was frozen for 8965ms, details saved to /home/jan/.cache/JetBrains/IdeaIC2020.1/log/threadDumps-freeze-20200702-031908-IC-201.7223.91-BaseComponentAdapter.getInstanceUncached-8sec 
2020-07-02 03:19:37,204 [  56948]   WARN - .diagnostic.PerformanceWatcher - UI was frozen for 5647ms, details saved to /home/jan/.cache/JetBrains/IdeaIC2020.1/log/threadDumps-freeze-20200702-031936-IC-201.7223.91-Page.get-5sec 
2020-07-02 03:19:54,707 [  74451]   WARN - ge.ExternalProjectsDataStorage - Cannot find class `org.jetbrains.plugins.gradle.model.data.AnnotationProcessingData$AnnotationProcessorOutput` 
2020-07-02 03:19:55,663 [  75407]   WARN - ge.ExternalProjectsDataStorage - Cannot find class `org.jetbrains.plugins.gradle.model.data.AnnotationProcessingData$AnnotationProcessorOutput` 
2020-07-02 03:19:56,146 [  75890]   WARN - ge.ExternalProjectsDataStorage - Cannot find class `org.jetbrains.plugins.gradle.model.data.AnnotationProcessingData$AnnotationProcessorOutput` 
2020-07-02 03:19:57,408 [  77152]   WARN - openapi.wm.impl.ToolWindowImpl - ToolWindow icons should be 13x13. Please fix ToolWindow (ID:  Problems View) or icon jar:file:/home/jan/dev/java/tools/idea-IC-183.5429.30/lib/icons.jar!/general/warning.svg 
2020-07-02 03:20:08,563 [  88307]   WARN - Container.ComponentManagerImpl - Do not use constructor injection (requestorClass=de.plushnikov.intellij.plugin.processor.modifier.FieldDefaultsModifierProcessor) 
2020-07-02 03:20:08,567 [  88311]   WARN - Container.ComponentManagerImpl - Do not use constructor injection (requestorClass=de.plushnikov.intellij.plugin.lombokconfig.ConfigDiscovery) 
2020-07-02 03:20:22,117 [ 101861]   WARN - Container.ComponentManagerImpl - Do not use constructor injection (requestorClass=de.plushnikov.intellij.plugin.provider.LombokProcessorProvider) 
2020-07-02 03:20:22,145 [ 101889]   WARN - Container.ComponentManagerImpl - Do not use constructor injection (requestorClass=de.plushnikov.intellij.plugin.processor.clazz.DataProcessor) 
2020-07-02 03:20:22,147 [ 101891]   WARN - Container.ComponentManagerImpl - Do not use constructor injection (requestorClass=de.plushnikov.intellij.plugin.processor.clazz.GetterProcessor) 
2020-07-02 03:20:22,152 [ 101896]   WARN - Container.ComponentManagerImpl - Do not use constructor injection (requestorClass=de.plushnikov.intellij.plugin.processor.clazz.SetterProcessor) 
2020-07-02 03:20:22,155 [ 101899]   WARN - Container.ComponentManagerImpl - Do not use constructor injection (requestorClass=de.plushnikov.intellij.plugin.processor.clazz.EqualsAndHashCodeProcessor) 
2020-07-02 03:20:22,161 [ 101905]   WARN - Container.ComponentManagerImpl - Do not use constructor injection (requestorClass=de.plushnikov.intellij.plugin.processor.clazz.ToStringProcessor) 
2020-07-02 03:20:22,165 [ 101909]   WARN - Container.ComponentManagerImpl - Do not use constructor injection (requestorClass=de.plushnikov.intellij.plugin.processor.clazz.WitherProcessor) 
2020-07-02 03:20:22,168 [ 101912]   WARN - Container.ComponentManagerImpl - Do not use constructor injection (requestorClass=de.plushnikov.intellij.plugin.processor.field.WitherFieldProcessor) 
2020-07-02 03:20:22,174 [ 101918]   WARN - Container.ComponentManagerImpl - Do not use constructor injection (requestorClass=de.plushnikov.intellij.plugin.processor.clazz.builder.BuilderPreDefinedInnerClassFieldProcessor) 
2020-07-02 03:20:22,179 [ 101923]   WARN - Container.ComponentManagerImpl - Do not use constructor injection (requestorClass=de.plushnikov.intellij.plugin.processor.handler.BuilderHandler) 
2020-07-02 03:20:22,182 [ 101926]   WARN - Container.ComponentManagerImpl - Do not use constructor injection (requestorClass=de.plushnikov.intellij.plugin.processor.clazz.builder.BuilderPreDefinedInnerClassMethodProcessor) 
2020-07-02 03:20:22,185 [ 101929]   WARN - Container.ComponentManagerImpl - Do not use constructor injection (requestorClass=de.plushnikov.intellij.plugin.processor.clazz.builder.BuilderClassProcessor) 
2020-07-02 03:20:22,187 [ 101931]   WARN - Container.ComponentManagerImpl - Do not use constructor injection (requestorClass=de.plushnikov.intellij.plugin.processor.clazz.builder.BuilderProcessor) 
2020-07-02 03:20:22,190 [ 101934]   WARN - Container.ComponentManagerImpl - Do not use constructor injection (requestorClass=de.plushnikov.intellij.plugin.processor.method.BuilderClassMethodProcessor) 
2020-07-02 03:20:22,192 [ 101936]   WARN - Container.ComponentManagerImpl - Do not use constructor injection (requestorClass=de.plushnikov.intellij.plugin.processor.method.BuilderMethodProcessor) 
2020-07-02 03:20:22,196 [ 101940]   WARN - Container.ComponentManagerImpl - Do not use constructor injection (requestorClass=de.plushnikov.intellij.plugin.processor.clazz.builder.SuperBuilderPreDefinedInnerClassFieldProcessor) 
2020-07-02 03:20:22,199 [ 101943]   WARN - Container.ComponentManagerImpl - Do not use constructor injection (requestorClass=de.plushnikov.intellij.plugin.processor.handler.SuperBuilderHandler) 
2020-07-02 03:20:22,201 [ 101945]   WARN - Container.ComponentManagerImpl - Do not use constructor injection (requestorClass=de.plushnikov.intellij.plugin.processor.clazz.builder.SuperBuilderPreDefinedInnerClassMethodProcessor) 
2020-07-02 03:20:22,203 [ 101947]   WARN - Container.ComponentManagerImpl - Do not use constructor injection (requestorClass=de.plushnikov.intellij.plugin.processor.clazz.builder.SuperBuilderClassProcessor) 
2020-07-02 03:20:22,204 [ 101948]   WARN - Container.ComponentManagerImpl - Do not use constructor injection (requestorClass=de.plushnikov.intellij.plugin.processor.clazz.builder.SuperBuilderProcessor) 
2020-07-02 03:20:22,206 [ 101950]   WARN - Container.ComponentManagerImpl - Do not use constructor injection (requestorClass=de.plushnikov.intellij.plugin.processor.clazz.ValueProcessor) 
2020-07-02 03:20:22,211 [ 101955]   WARN - Container.ComponentManagerImpl - Do not use constructor injection (requestorClass=de.plushnikov.intellij.plugin.processor.clazz.fieldnameconstants.FieldNameConstantsOldProcessor) 
2020-07-02 03:20:22,222 [ 101966]   WARN - Container.ComponentManagerImpl - Do not use constructor injection (requestorClass=de.plushnikov.intellij.plugin.processor.field.DelegateFieldProcessor) 
2020-07-02 03:20:22,229 [ 101973]   WARN - Container.ComponentManagerImpl - Do not use constructor injection (requestorClass=de.plushnikov.intellij.plugin.processor.method.DelegateMethodProcessor) 
2020-07-02 03:21:13,171 [ 152915]   WARN - ge.ExternalProjectsDataStorage - Cannot find class `org.jetbrains.plugins.gradle.model.data.AnnotationProcessingData$AnnotationProcessorOutput` 
2020-07-02 03:21:13,548 [ 153292]   WARN - ge.ExternalProjectsDataStorage - Cannot find class `org.jetbrains.plugins.gradle.model.data.AnnotationProcessingData$AnnotationProcessorOutput` 
2020-07-02 03:21:13,951 [ 153695]   WARN - ge.ExternalProjectsDataStorage - Cannot find class `org.jetbrains.plugins.gradle.model.data.AnnotationProcessingData$AnnotationProcessorOutput` 
2020-07-02 03:21:14,401 [ 154145]   WARN - openapi.wm.impl.ToolWindowImpl - ToolWindow icons should be 13x13. Please fix ToolWindow (ID:  Problems View) or icon jar:file:/home/jan/dev/java/tools/idea-IC-183.5429.30/lib/icons.jar!/general/warning.svg 
2020-07-02 03:21:24,618 [ 164362]   WARN - Container.ComponentManagerImpl - Do not use constructor injection (requestorClass=de.plushnikov.intellij.plugin.provider.LombokProcessorProvider) 
2020-07-02 03:26:29,555 [ 469299]   WARN - .ExternalSystemTaskDebugRunner - Socket closed 
java.net.SocketException: Socket closed
	at java.base/java.net.PlainSocketImpl.socketAccept(Native Method)
	at java.base/java.net.AbstractPlainSocketImpl.accept(AbstractPlainSocketImpl.java:458)
	at java.base/java.net.ServerSocket.implAccept(ServerSocket.java:565)
	at java.base/java.net.ServerSocket.accept(ServerSocket.java:533)
	at com.intellij.openapi.externalSystem.service.execution.ForkedDebuggerThread.run(ForkedDebuggerThread.java:102)
2020-07-02 03:27:32,767 [ 532511]   WARN - .ExternalSystemTaskDebugRunner - Socket closed 
java.net.SocketException: Socket closed
	at java.base/java.net.PlainSocketImpl.socketAccept(Native Method)
	at java.base/java.net.AbstractPlainSocketImpl.accept(AbstractPlainSocketImpl.java:458)
	at java.base/java.net.ServerSocket.implAccept(ServerSocket.java:565)
	at java.base/java.net.ServerSocket.accept(ServerSocket.java:533)
	at com.intellij.openapi.externalSystem.service.execution.ForkedDebuggerThread.run(ForkedDebuggerThread.java:102)
2020-07-02 03:34:38,272 [ 958016]   WARN - .ExternalSystemTaskDebugRunner - Socket closed 
java.net.SocketException: Socket closed
	at java.base/java.net.PlainSocketImpl.socketAccept(Native Method)
	at java.base/java.net.AbstractPlainSocketImpl.accept(AbstractPlainSocketImpl.java:458)
	at java.base/java.net.ServerSocket.implAccept(ServerSocket.java:565)
	at java.base/java.net.ServerSocket.accept(ServerSocket.java:533)
	at com.intellij.openapi.externalSystem.service.execution.ForkedDebuggerThread.run(ForkedDebuggerThread.java:102)
2020-07-02 03:34:58,209 [ 977953]   WARN - .ExternalSystemTaskDebugRunner - Socket closed 
java.net.SocketException: Socket closed
	at java.base/java.net.PlainSocketImpl.socketAccept(Native Method)
	at java.base/java.net.AbstractPlainSocketImpl.accept(AbstractPlainSocketImpl.java:458)
	at java.base/java.net.ServerSocket.implAccept(ServerSocket.java:565)
	at java.base/java.net.ServerSocket.accept(ServerSocket.java:533)
	at com.intellij.openapi.externalSystem.service.execution.ForkedDebuggerThread.run(ForkedDebuggerThread.java:102)
2020-07-02 03:37:14,266 [1114010]   WARN - .ExternalSystemTaskDebugRunner - Socket closed 
java.net.SocketException: Socket closed
	at java.base/java.net.PlainSocketImpl.socketAccept(Native Method)
	at java.base/java.net.AbstractPlainSocketImpl.accept(AbstractPlainSocketImpl.java:458)
	at java.base/java.net.ServerSocket.implAccept(ServerSocket.java:565)
	at java.base/java.net.ServerSocket.accept(ServerSocket.java:533)
	at com.intellij.openapi.externalSystem.service.execution.ForkedDebuggerThread.run(ForkedDebuggerThread.java:102)
2020-07-02 03:42:55,930 [1455674]   WARN - .ExternalSystemTaskDebugRunner - Socket closed 
java.net.SocketException: Socket closed
	at java.base/java.net.PlainSocketImpl.socketAccept(Native Method)
	at java.base/java.net.AbstractPlainSocketImpl.accept(AbstractPlainSocketImpl.java:458)
	at java.base/java.net.ServerSocket.implAccept(ServerSocket.java:565)
	at java.base/java.net.ServerSocket.accept(ServerSocket.java:533)
	at com.intellij.openapi.externalSystem.service.execution.ForkedDebuggerThread.run(ForkedDebuggerThread.java:102)
2020-07-02 03:45:19,149 [1598893]   WARN - .ExternalSystemTaskDebugRunner - Socket closed 
java.net.SocketException: Socket closed
	at java.base/java.net.PlainSocketImpl.socketAccept(Native Method)
	at java.base/java.net.AbstractPlainSocketImpl.accept(AbstractPlainSocketImpl.java:458)
	at java.base/java.net.ServerSocket.implAccept(ServerSocket.java:565)
	at java.base/java.net.ServerSocket.accept(ServerSocket.java:533)
	at com.intellij.openapi.externalSystem.service.execution.ForkedDebuggerThread.run(ForkedDebuggerThread.java:102)
